This file contains any messages produced by compilers while
running configure, to aid debugging if configure makes a mistake.

It was created by MrBayes configure 3.2.7a, which was
generated by GNU Autoconf 2.69.  Invocation command line was

  $ ./configure --with-beagle=/e/Codes/beagle-lib/build_win/libhmsbeagle

## --------- ##
## Platform. ##
## --------- ##

hostname = LAPTOP-2E0VIMCK
uname -m = x86_64
uname -r = 3.4.10-87d57229.x86_64
uname -s = MINGW64_NT-10.0-26100
uname -v = 2024-02-14 20:17 UTC

/usr/bin/uname -p = unknown
/bin/uname -X     = unknown

/bin/arch              = x86_64
/usr/bin/arch -k       = unknown
/usr/convex/getsysinfo = unknown
/usr/bin/hostinfo      = unknown
/bin/machine           = unknown
/usr/bin/oslevel       = unknown
/bin/universe          = unknown

PATH: /c/Users/ASUS/bin
PATH: /mingw64/bin
PATH: /usr/local/bin
PATH: /usr/bin
PATH: /bin
PATH: /mingw64/bin
PATH: /usr/bin
PATH: /c/Users/ASUS/bin
PATH: /d/Program Files/Microsoft MPI/Bin
PATH: /c/Program Files/Common Files/libhmsbeagle
PATH: /c/Program Files/Common Files/Oracle/Java/javapath
PATH: /c/Program Files (x86)/Common Files/Oracle/Java/java8path
PATH: /c/Program Files (x86)/Common Files/Oracle/Java/javapath
PATH: /d/Program Files/Common Files/libhmsbeagle
PATH: /c/Program Files (x86)/Common Files/Intel/Shared Libraries/redist/intel64/compiler
PATH: /c/Windows/system32
PATH: /c/Windows
PATH: /c/Windows/System32/Wbem
PATH: /c/Windows/System32/WindowsPowerShell/v1.0
PATH: /c/Windows/System32/OpenSSH
PATH: /c/Program Files (x86)/NVIDIA Corporation/PhysX/Common
PATH: /c/Program Files/NVIDIA Corporation/NVIDIA NvDLISR
PATH: /d/Program Files/MEGA11
PATH: /c/Program Files/dotnet
PATH: /d/Program Files/nodejs
PATH: /cmd
PATH: /d/Program Files/mingw64/bin
PATH: %JAVA_HOME%/bin
PATH: /d/Program Files/MEGA12
PATH: /c/Program Files/MEGACC
PATH: /d/Program Files (x86)/NetSarang/Xshell 8
PATH: /d/Program Files (x86)/NetSarang/Xftp 8
PATH: /c/WINDOWS/system32
PATH: /c/WINDOWS
PATH: /c/WINDOWS/System32/Wbem
PATH: /c/WINDOWS/System32/WindowsPowerShell/v1.0
PATH: /c/WINDOWS/System32/OpenSSH
PATH: /d/Program Files (x86)/NetSarang/Xmanager 8
PATH: /d/Program Files/sratoolkit.3.2.1-win64/bin
PATH: /d/Program Files/TreeViewer
PATH: /c/Program Files/Docker/Docker/resources/bin
PATH: /d/Strawberry/c/bin
PATH: /d/Strawberry/perl/site/bin
PATH: /d/Strawberry/perl/bin
PATH: /c/Program Files (x86)/Windows Kits/10/Windows Performance Toolkit
PATH: /d/Program Files/vcpkg
PATH: /e/Codes/YRTools/plugins/YR-MPE/YR_MPE/bin/iqtree3
PATH: /c/Users/ASUS/.cargo/bin
PATH: /d/Program Files/Geneious Prime Trial
PATH: /d/PyMOL
PATH: /d/PyMOL/Library/mingw-w64/bin
PATH: /d/PyMOL/Library/usr/bin
PATH: /d/PyMOL/Library/bin
PATH: /d/PyMOL/Scripts
PATH: /c/Users/ASUS/AppData/Local/activestate/cache/bin
PATH: /c/Users/ASUS/AppData/Local/ActiveState/StateTool/release/bin
PATH: /c/Users/ASUS/scoop/shims
PATH: /c/Users/ASUS/AppData/Local/Programs/Python/Python312/Scripts
PATH: /c/Users/ASUS/AppData/Local/Programs/Python/Python312
PATH: /c/Users/ASUS/AppData/Local/Microsoft/WindowsApps
PATH: /c/Users/ASUS/AppData/Local/Programs/Microsoft VS Code/bin
PATH: /c/Users/ASUS/AppData/Roaming/npm
PATH: /d/Program Files/PAUP4
PATH: /c/Users/ASUS/AppData/Local/Programs/cursor/resources/app/bin
PATH: /usr/bin/vendor_perl
PATH: /usr/bin/core_perl


## ----------- ##
## Core tests. ##
## ----------- ##

configure:2520: checking for a BSD-compatible install
configure:2588: result: /usr/bin/install -c
configure:2599: checking whether build environment is sane
configure:2654: result: yes
configure:2800: checking for a thread-safe mkdir -p
configure:2839: result: /usr/bin/mkdir -p
configure:2846: checking for gawk
configure:2862: found /usr/bin/gawk
configure:2873: result: gawk
configure:2884: checking whether make sets $(MAKE)
configure:2910: result: no
configure:2935: checking whether make supports nested variables
configure:2952: result: no
configure:3093: checking whether to enable maintainer-specific portions of Makefiles
configure:3102: result: no
configure:3124: checking build system type
configure:3138: result: x86_64-pc-mingw64
configure:3158: checking host system type
configure:3171: result: x86_64-pc-mingw64
configure:3358: checking for pkg-config
configure:3376: found /d/Strawberry/perl/bin/pkg-config
configure:3388: result: /d/Strawberry/perl/bin/pkg-config
configure:3413: checking pkg-config is at least version 0.9.0
configure:3419: result: no
configure:3440: checking for pdflatex
configure:3473: result: no
configure:3480: checking for bibtex
configure:3513: result: no
configure:3520: checking for latexmk
configure:3553: result: no
configure:3573: WARNING: pdflatex and/or bibtex is missing, documentation will not be rebuilt
configure:3592: checking whether make supports the include directive
configure:3607: make -f confmf.GNU && cat confinc.out
./configure: line 3608: make: command not found
configure:3610: $? = 127
configure:3607: make -f confmf.BSD && cat confinc.out
./configure: line 3608: make: command not found
configure:3610: $? = 127
configure:3629: result: no
configure:3654: checking whether to compile using MPI
configure:3661: result: no
configure:3818: checking for gcc
configure:3834: found /d/Program Files/mingw64/bin/gcc
configure:3845: result: gcc
configure:4074: checking for C compiler version
configure:4083: gcc --version >&5
gcc.exe (MinGW-W64 x86_64-ucrt-mcf-seh, built by Brecht Sanders, r1) 15.1.0
Copyright (C) 2025 Free Software Foundation, Inc.
This is free software; see the source for copying conditions.  There is NO
warranty; not even for MERCHANTABILITY or FITNESS FOR A PARTICULAR PURPOSE.

configure:4094: $? = 0
configure:4083: gcc -v >&5
Using built-in specs.
COLLECT_GCC=D:\Program Files\mingw64\bin\gcc.exe
COLLECT_LTO_WRAPPER=D:/Program\ Files/mingw64/bin/../libexec/gcc/x86_64-w64-mingw32/15.1.0/lto-wrapper.exe
OFFLOAD_TARGET_NAMES=nvptx-none
Target: x86_64-w64-mingw32
Configured with: ../configure --prefix=/R/winlibs_staging_mcf_ucrt64/inst_gcc-15.1.0/share/gcc --build=x86_64-w64-mingw32 --host=x86_64-w64-mingw32 --enable-offload-targets=nvptx-none --with-pkgversion='MinGW-W64 x86_64-ucrt-mcf-seh, built by Brecht Sanders, r1' --with-tune=generic --enable-checking=release --enable-threads=mcf --disable-sjlj-exceptions --disable-libunwind-exceptions --disable-serial-configure --disable-bootstrap --enable-host-shared --enable-plugin --disable-default-ssp --disable-rpath --disable-libstdcxx-debug --disable-version-specific-runtime-libs --disable-symvers --enable-languages=c,c++,fortran,lto,objc,obj-c++ --disable-gold --disable-nls --disable-stage1-checking --disable-win32-registry --disable-multilib --enable-ld --enable-libquadmath --enable-libada --enable-libssp --enable-libstdcxx --enable-lto --enable-fully-dynamic-string --enable-libgomp --enable-graphite --enable-mingw-wildcard --enable-libstdcxx-time --enable-libstdcxx-pch --with-mpc=/c/Prog/winlibs_staging_mcf_ucrt/custombuilt64 --with-mpfr=/c/Prog/winlibs_staging_mcf_ucrt/custombuilt64 --with-gmp=/c/Prog/winlibs_staging_mcf_ucrt/custombuilt64 --with-isl=/c/Prog/winlibs_staging_mcf_ucrt/custombuilt64 --disable-libstdcxx-backtrace --enable-install-libiberty --enable-__cxa_atexit --without-included-gettext --with-diagnostics-color=auto --enable-clocale=generic --enable-libgdiagnostics --with-libiconv --with-system-zlib --with-build-sysroot=/R/winlibs_staging_mcf_ucrt64/gcc-15.1.0/build_mingw/mingw-w64 CFLAGS='-I/c/Prog/winlibs_staging_mcf_ucrt/custombuilt64/include/libdl-win32   -march=nocona -msahf -mtune=generic -O2 -Wno-error=format' CXXFLAGS='-Wno-int-conversion  -march=nocona -msahf -mtune=generic -O2' LDFLAGS='-pthread -Wl,--no-insert-timestamp -Wl,--dynamicbase -Wl,--high-entropy-va -Wl,--nxcompat -Wl,--tsaware' LD=/c/Prog/winlibs_staging_mcf_ucrt/custombuilt64/share/binutils/bin/ld.exe
Thread model: mcf
Supported LTO compression algorithms: zlib zstd
gcc version 15.1.0 (MinGW-W64 x86_64-ucrt-mcf-seh, built by Brecht Sanders, r1) 
configure:4094: $? = 0
configure:4083: gcc -V >&5
gcc.exe: error: unrecognized command-line option '-V'
gcc.exe: fatal error: no input files
compilation terminated.
configure:4094: $? = 1
configure:4083: gcc -qversion >&5
gcc.exe: error: unrecognized command-line option '-qversion'; did you mean '--version'?
gcc.exe: fatal error: no input files
compilation terminated.
configure:4094: $? = 1
configure:4114: checking whether the C compiler works
configure:4136: gcc -O3 -DNDEBUG -std=c99 -pedantic    conftest.c  >&5
configure:4140: $? = 0
configure:4188: result: yes
configure:4191: checking for C compiler default output file name
configure:4193: result: a.exe
configure:4199: checking for suffix of executables
configure:4206: gcc -o conftest.exe -O3 -DNDEBUG -std=c99 -pedantic    conftest.c  >&5
configure:4210: $? = 0
configure:4232: result: .exe
configure:4254: checking whether we are cross compiling
configure:4262: gcc -o conftest.exe -O3 -DNDEBUG -std=c99 -pedantic    conftest.c  >&5
configure:4266: $? = 0
configure:4273: ./conftest.exe
configure:4277: $? = 0
configure:4292: result: no
configure:4297: checking for suffix of object files
configure:4319: gcc -c -O3 -DNDEBUG -std=c99 -pedantic   conftest.c >&5
configure:4323: $? = 0
configure:4344: result: o
configure:4348: checking whether we are using the GNU C compiler
configure:4367: gcc -c -O3 -DNDEBUG -std=c99 -pedantic   conftest.c >&5
configure:4367: $? = 0
configure:4376: result: yes
configure:4385: checking whether gcc accepts -g
configure:4405: gcc -c -g  conftest.c >&5
configure:4405: $? = 0
configure:4446: result: yes
configure:4463: checking for gcc option to accept ISO C89
configure:4526: gcc  -c -O3 -DNDEBUG -std=c99 -pedantic   conftest.c >&5
configure:4526: $? = 0
configure:4539: result: none needed
configure:4564: checking whether gcc understands -c and -o together
configure:4586: gcc -c conftest.c -o conftest2.o
configure:4589: $? = 0
configure:4586: gcc -c conftest.c -o conftest2.o
configure:4589: $? = 0
configure:4601: result: yes
configure:4620: checking dependency style of gcc
configure:4731: result: none
configure:4874: checking for sqrt in -lm
configure:4899: gcc -o conftest.exe -O3 -DNDEBUG -std=c99 -pedantic    conftest.c -lm   >&5
conftest.c:20:6: warning: conflicting types for built-in function 'sqrt'; expected 'double(double)' [-Wbuiltin-declaration-mismatch]
   20 | char sqrt ();
      |      ^~~~
conftest.c:1:1: note: 'sqrt' is declared in header '<math.h>'
    1 | /* confdefs.h */
configure:4899: $? = 0
configure:4908: result: yes
configure:4935: checking how to run the C preprocessor
configure:4966: gcc -E  conftest.c
configure:4966: $? = 0
configure:4980: gcc -E  conftest.c
conftest.c:14:10: fatal error: ac_nonexistent.h: No such file or directory
   14 | #include <ac_nonexistent.h>
      |          ^~~~~~~~~~~~~~~~~~
compilation terminated.
configure:4980: $? = 1
configure: failed program was:
| /* confdefs.h */
| #define PACKAGE_NAME "MrBayes"
| #define PACKAGE_TARNAME "mrbayes"
| #define PACKAGE_VERSION "3.2.7a"
| #define PACKAGE_STRING "MrBayes 3.2.7a"
| #define PACKAGE_BUGREPORT ""
| #define PACKAGE_URL ""
| #define PACKAGE "mrbayes"
| #define VERSION "3.2.7a"
| #define HOST_TYPE "x86_64-pc-mingw64"
| #define HOST_CPU "x86_64"
| #define HAVE_LIBM 1
| /* end confdefs.h.  */
| #include <ac_nonexistent.h>
configure:5005: result: gcc -E
configure:5025: gcc -E  conftest.c
configure:5025: $? = 0
configure:5039: gcc -E  conftest.c
conftest.c:14:10: fatal error: ac_nonexistent.h: No such file or directory
   14 | #include <ac_nonexistent.h>
      |          ^~~~~~~~~~~~~~~~~~
compilation terminated.
configure:5039: $? = 1
configure: failed program was:
| /* confdefs.h */
| #define PACKAGE_NAME "MrBayes"
| #define PACKAGE_TARNAME "mrbayes"
| #define PACKAGE_VERSION "3.2.7a"
| #define PACKAGE_STRING "MrBayes 3.2.7a"
| #define PACKAGE_BUGREPORT ""
| #define PACKAGE_URL ""
| #define PACKAGE "mrbayes"
| #define VERSION "3.2.7a"
| #define HOST_TYPE "x86_64-pc-mingw64"
| #define HOST_CPU "x86_64"
| #define HAVE_LIBM 1
| /* end confdefs.h.  */
| #include <ac_nonexistent.h>
configure:5068: checking for grep that handles long lines and -e
configure:5126: result: /usr/bin/grep
configure:5131: checking for egrep
configure:5193: result: /usr/bin/grep -E
configure:5198: checking for ANSI C header files
configure:5218: gcc -c -O3 -DNDEBUG -std=c99 -pedantic   conftest.c >&5
configure:5218: $? = 0
configure:5291: gcc -o conftest.exe -O3 -DNDEBUG -std=c99 -pedantic    conftest.c -lm  >&5
configure:5291: $? = 0
configure:5291: ./conftest.exe
configure:5291: $? = 0
configure:5302: result: yes
configure:5315: checking for sys/types.h
configure:5315: gcc -c -O3 -DNDEBUG -std=c99 -pedantic   conftest.c >&5
configure:5315: $? = 0
configure:5315: result: yes
configure:5315: checking for sys/stat.h
configure:5315: gcc -c -O3 -DNDEBUG -std=c99 -pedantic   conftest.c >&5
configure:5315: $? = 0
configure:5315: result: yes
configure:5315: checking for stdlib.h
configure:5315: gcc -c -O3 -DNDEBUG -std=c99 -pedantic   conftest.c >&5
configure:5315: $? = 0
configure:5315: result: yes
configure:5315: checking for string.h
configure:5315: gcc -c -O3 -DNDEBUG -std=c99 -pedantic   conftest.c >&5
configure:5315: $? = 0
configure:5315: result: yes
configure:5315: checking for memory.h
configure:5315: gcc -c -O3 -DNDEBUG -std=c99 -pedantic   conftest.c >&5
configure:5315: $? = 0
configure:5315: result: yes
configure:5315: checking for strings.h
configure:5315: gcc -c -O3 -DNDEBUG -std=c99 -pedantic   conftest.c >&5
configure:5315: $? = 0
configure:5315: result: yes
configure:5315: checking for inttypes.h
configure:5315: gcc -c -O3 -DNDEBUG -std=c99 -pedantic   conftest.c >&5
configure:5315: $? = 0
configure:5315: result: yes
configure:5315: checking for stdint.h
configure:5315: gcc -c -O3 -DNDEBUG -std=c99 -pedantic   conftest.c >&5
configure:5315: $? = 0
configure:5315: result: yes
configure:5315: checking for unistd.h
configure:5315: gcc -c -O3 -DNDEBUG -std=c99 -pedantic   conftest.c >&5
configure:5315: $? = 0
configure:5315: result: yes
configure:5351: Trying to locate Beagle (hmsbeagle-1) in '/e/Codes/beagle-lib/build_win/libhmsbeagle'
configure:5358: checking libhmsbeagle/beagle.h usability
configure:5358: gcc -c -O3 -DNDEBUG -std=c99 -pedantic  -I/e/Codes/beagle-lib/build_win/libhmsbeagle/include/libhmsbeagle-1 conftest.c >&5
configure:5358: $? = 0
configure:5358: result: yes
configure:5358: checking libhmsbeagle/beagle.h presence
configure:5358: gcc -E -I/e/Codes/beagle-lib/build_win/libhmsbeagle/include/libhmsbeagle-1 conftest.c
configure:5358: $? = 0
configure:5358: result: yes
configure:5358: checking for libhmsbeagle/beagle.h
configure:5358: result: yes
configure:5365: checking for beagleCreateInstance in -lhmsbeagle
configure:5390: gcc -o conftest.exe -O3 -DNDEBUG -std=c99 -pedantic  -I/e/Codes/beagle-lib/build_win/libhmsbeagle/include/libhmsbeagle-1 -L/e/Codes/beagle-lib/build_win/libhmsbeagle/lib -Wl,-rpath,/e/Codes/beagle-lib/build_win/libhmsbeagle/lib conftest.c -lhmsbeagle  -lm  >&5
configure:5390: $? = 0
configure:5399: result: yes
configure:5412: Found Beagle in '/e/Codes/beagle-lib/build_win/libhmsbeagle'
configure:5531: checking for beagleSetCPUThreadCount in -lhmsbeagle
configure:5556: gcc -o conftest.exe -O3 -DNDEBUG -std=c99 -pedantic   -L/e/Codes/beagle-lib/build_win/libhmsbeagle/lib -Wl,-rpath,/e/Codes/beagle-lib/build_win/libhmsbeagle/lib -lhmsbeagle conftest.c -lhmsbeagle  -lm  >&5
configure:5556: $? = 0
configure:5565: result: yes
configure:5576: Using BEAGLE_CFLAGS="-I/e/Codes/beagle-lib/build_win/libhmsbeagle/include/libhmsbeagle-1 -pthread"
configure:5578: Using BEAGLE_LIBS="-L/e/Codes/beagle-lib/build_win/libhmsbeagle/lib -Wl,-rpath,/e/Codes/beagle-lib/build_win/libhmsbeagle/lib -lhmsbeagle"
configure:5590: checking for a readline compatible library
configure:5623: gcc -o conftest.exe -O3 -DNDEBUG -std=c99 -pedantic    conftest.c -lm  -lreadline >&5
D:/Program Files/mingw64/bin/../lib/gcc/x86_64-w64-mingw32/15.1.0/../../../../x86_64-w64-mingw32/bin/ld.exe: cannot find -lreadline: No such file or directory
collect2.exe: error: ld returned 1 exit status
configure:5623: $? = 1
configure: failed program was:
| /* confdefs.h */
| #define PACKAGE_NAME "MrBayes"
| #define PACKAGE_TARNAME "mrbayes"
| #define PACKAGE_VERSION "3.2.7a"
| #define PACKAGE_STRING "MrBayes 3.2.7a"
| #define PACKAGE_BUGREPORT ""
| #define PACKAGE_URL ""
| #define PACKAGE "mrbayes"
| #define VERSION "3.2.7a"
| #define HOST_TYPE "x86_64-pc-mingw64"
| #define HOST_CPU "x86_64"
| #define HAVE_LIBM 1
| #define STDC_HEADERS 1
| #define HAVE_SYS_TYPES_H 1
| #define HAVE_SYS_STAT_H 1
| #define HAVE_STDLIB_H 1
| #define HAVE_STRING_H 1
| #define HAVE_MEMORY_H 1
| #define HAVE_STRINGS_H 1
| #define HAVE_INTTYPES_H 1
| #define HAVE_STDINT_H 1
| #define HAVE_UNISTD_H 1
| #define BEAGLE_ENABLED 1
| #define BEAGLE_V3_ENABLED 1
| /* end confdefs.h.  */
| 
| /* Override any GCC internal prototype to avoid an error.
|    Use char because int might match the return type of a GCC
|    builtin and then its argument prototype would still apply.  */
| #ifdef __cplusplus
| extern "C"
| #endif
| char readline ();
| int
| main ()
| {
| return readline ();
|   ;
|   return 0;
| }
configure:5623: gcc -o conftest.exe -O3 -DNDEBUG -std=c99 -pedantic    conftest.c -lm  -lreadline -ltermcap >&5
D:/Program Files/mingw64/bin/../lib/gcc/x86_64-w64-mingw32/15.1.0/../../../../x86_64-w64-mingw32/bin/ld.exe: cannot find -lreadline: No such file or directory
D:/Program Files/mingw64/bin/../lib/gcc/x86_64-w64-mingw32/15.1.0/../../../../x86_64-w64-mingw32/bin/ld.exe: cannot find -ltermcap: No such file or directory
collect2.exe: error: ld returned 1 exit status
configure:5623: $? = 1
configure: failed program was:
| /* confdefs.h */
| #define PACKAGE_NAME "MrBayes"
| #define PACKAGE_TARNAME "mrbayes"
| #define PACKAGE_VERSION "3.2.7a"
| #define PACKAGE_STRING "MrBayes 3.2.7a"
| #define PACKAGE_BUGREPORT ""
| #define PACKAGE_URL ""
| #define PACKAGE "mrbayes"
| #define VERSION "3.2.7a"
| #define HOST_TYPE "x86_64-pc-mingw64"
| #define HOST_CPU "x86_64"
| #define HAVE_LIBM 1
| #define STDC_HEADERS 1
| #define HAVE_SYS_TYPES_H 1
| #define HAVE_SYS_STAT_H 1
| #define HAVE_STDLIB_H 1
| #define HAVE_STRING_H 1
| #define HAVE_MEMORY_H 1
| #define HAVE_STRINGS_H 1
| #define HAVE_INTTYPES_H 1
| #define HAVE_STDINT_H 1
| #define HAVE_UNISTD_H 1
| #define BEAGLE_ENABLED 1
| #define BEAGLE_V3_ENABLED 1
| /* end confdefs.h.  */
| 
| /* Override any GCC internal prototype to avoid an error.
|    Use char because int might match the return type of a GCC
|    builtin and then its argument prototype would still apply.  */
| #ifdef __cplusplus
| extern "C"
| #endif
| char readline ();
| int
| main ()
| {
| return readline ();
|   ;
|   return 0;
| }
configure:5623: gcc -o conftest.exe -O3 -DNDEBUG -std=c99 -pedantic    conftest.c -lm  -lreadline -lcurses >&5
D:/Program Files/mingw64/bin/../lib/gcc/x86_64-w64-mingw32/15.1.0/../../../../x86_64-w64-mingw32/bin/ld.exe: cannot find -lreadline: No such file or directory
D:/Program Files/mingw64/bin/../lib/gcc/x86_64-w64-mingw32/15.1.0/../../../../x86_64-w64-mingw32/bin/ld.exe: cannot find -lcurses: No such file or directory
collect2.exe: error: ld returned 1 exit status
configure:5623: $? = 1
configure: failed program was:
| /* confdefs.h */
| #define PACKAGE_NAME "MrBayes"
| #define PACKAGE_TARNAME "mrbayes"
| #define PACKAGE_VERSION "3.2.7a"
| #define PACKAGE_STRING "MrBayes 3.2.7a"
| #define PACKAGE_BUGREPORT ""
| #define PACKAGE_URL ""
| #define PACKAGE "mrbayes"
| #define VERSION "3.2.7a"
| #define HOST_TYPE "x86_64-pc-mingw64"
| #define HOST_CPU "x86_64"
| #define HAVE_LIBM 1
| #define STDC_HEADERS 1
| #define HAVE_SYS_TYPES_H 1
| #define HAVE_SYS_STAT_H 1
| #define HAVE_STDLIB_H 1
| #define HAVE_STRING_H 1
| #define HAVE_MEMORY_H 1
| #define HAVE_STRINGS_H 1
| #define HAVE_INTTYPES_H 1
| #define HAVE_STDINT_H 1
| #define HAVE_UNISTD_H 1
| #define BEAGLE_ENABLED 1
| #define BEAGLE_V3_ENABLED 1
| /* end confdefs.h.  */
| 
| /* Override any GCC internal prototype to avoid an error.
|    Use char because int might match the return type of a GCC
|    builtin and then its argument prototype would still apply.  */
| #ifdef __cplusplus
| extern "C"
| #endif
| char readline ();
| int
| main ()
| {
| return readline ();
|   ;
|   return 0;
| }
configure:5623: gcc -o conftest.exe -O3 -DNDEBUG -std=c99 -pedantic    conftest.c -lm  -lreadline -lncurses >&5
D:/Program Files/mingw64/bin/../lib/gcc/x86_64-w64-mingw32/15.1.0/../../../../x86_64-w64-mingw32/bin/ld.exe: cannot find -lreadline: No such file or directory
D:/Program Files/mingw64/bin/../lib/gcc/x86_64-w64-mingw32/15.1.0/../../../../x86_64-w64-mingw32/bin/ld.exe: cannot find -lncurses: No such file or directory
collect2.exe: error: ld returned 1 exit status
configure:5623: $? = 1
configure: failed program was:
| /* confdefs.h */
| #define PACKAGE_NAME "MrBayes"
| #define PACKAGE_TARNAME "mrbayes"
| #define PACKAGE_VERSION "3.2.7a"
| #define PACKAGE_STRING "MrBayes 3.2.7a"
| #define PACKAGE_BUGREPORT ""
| #define PACKAGE_URL ""
| #define PACKAGE "mrbayes"
| #define VERSION "3.2.7a"
| #define HOST_TYPE "x86_64-pc-mingw64"
| #define HOST_CPU "x86_64"
| #define HAVE_LIBM 1
| #define STDC_HEADERS 1
| #define HAVE_SYS_TYPES_H 1
| #define HAVE_SYS_STAT_H 1
| #define HAVE_STDLIB_H 1
| #define HAVE_STRING_H 1
| #define HAVE_MEMORY_H 1
| #define HAVE_STRINGS_H 1
| #define HAVE_INTTYPES_H 1
| #define HAVE_STDINT_H 1
| #define HAVE_UNISTD_H 1
| #define BEAGLE_ENABLED 1
| #define BEAGLE_V3_ENABLED 1
| /* end confdefs.h.  */
| 
| /* Override any GCC internal prototype to avoid an error.
|    Use char because int might match the return type of a GCC
|    builtin and then its argument prototype would still apply.  */
| #ifdef __cplusplus
| extern "C"
| #endif
| char readline ();
| int
| main ()
| {
| return readline ();
|   ;
|   return 0;
| }
configure:5623: gcc -o conftest.exe -O3 -DNDEBUG -std=c99 -pedantic    conftest.c -lm  -ledit >&5
D:/Program Files/mingw64/bin/../lib/gcc/x86_64-w64-mingw32/15.1.0/../../../../x86_64-w64-mingw32/bin/ld.exe: cannot find -ledit: No such file or directory
collect2.exe: error: ld returned 1 exit status
configure:5623: $? = 1
configure: failed program was:
| /* confdefs.h */
| #define PACKAGE_NAME "MrBayes"
| #define PACKAGE_TARNAME "mrbayes"
| #define PACKAGE_VERSION "3.2.7a"
| #define PACKAGE_STRING "MrBayes 3.2.7a"
| #define PACKAGE_BUGREPORT ""
| #define PACKAGE_URL ""
| #define PACKAGE "mrbayes"
| #define VERSION "3.2.7a"
| #define HOST_TYPE "x86_64-pc-mingw64"
| #define HOST_CPU "x86_64"
| #define HAVE_LIBM 1
| #define STDC_HEADERS 1
| #define HAVE_SYS_TYPES_H 1
| #define HAVE_SYS_STAT_H 1
| #define HAVE_STDLIB_H 1
| #define HAVE_STRING_H 1
| #define HAVE_MEMORY_H 1
| #define HAVE_STRINGS_H 1
| #define HAVE_INTTYPES_H 1
| #define HAVE_STDINT_H 1
| #define HAVE_UNISTD_H 1
| #define BEAGLE_ENABLED 1
| #define BEAGLE_V3_ENABLED 1
| /* end confdefs.h.  */
| 
| /* Override any GCC internal prototype to avoid an error.
|    Use char because int might match the return type of a GCC
|    builtin and then its argument prototype would still apply.  */
| #ifdef __cplusplus
| extern "C"
| #endif
| char readline ();
| int
| main ()
| {
| return readline ();
|   ;
|   return 0;
| }
configure:5623: gcc -o conftest.exe -O3 -DNDEBUG -std=c99 -pedantic    conftest.c -lm  -ledit -ltermcap >&5
D:/Program Files/mingw64/bin/../lib/gcc/x86_64-w64-mingw32/15.1.0/../../../../x86_64-w64-mingw32/bin/ld.exe: cannot find -ledit: No such file or directory
D:/Program Files/mingw64/bin/../lib/gcc/x86_64-w64-mingw32/15.1.0/../../../../x86_64-w64-mingw32/bin/ld.exe: cannot find -ltermcap: No such file or directory
collect2.exe: error: ld returned 1 exit status
configure:5623: $? = 1
configure: failed program was:
| /* confdefs.h */
| #define PACKAGE_NAME "MrBayes"
| #define PACKAGE_TARNAME "mrbayes"
| #define PACKAGE_VERSION "3.2.7a"
| #define PACKAGE_STRING "MrBayes 3.2.7a"
| #define PACKAGE_BUGREPORT ""
| #define PACKAGE_URL ""
| #define PACKAGE "mrbayes"
| #define VERSION "3.2.7a"
| #define HOST_TYPE "x86_64-pc-mingw64"
| #define HOST_CPU "x86_64"
| #define HAVE_LIBM 1
| #define STDC_HEADERS 1
| #define HAVE_SYS_TYPES_H 1
| #define HAVE_SYS_STAT_H 1
| #define HAVE_STDLIB_H 1
| #define HAVE_STRING_H 1
| #define HAVE_MEMORY_H 1
| #define HAVE_STRINGS_H 1
| #define HAVE_INTTYPES_H 1
| #define HAVE_STDINT_H 1
| #define HAVE_UNISTD_H 1
| #define BEAGLE_ENABLED 1
| #define BEAGLE_V3_ENABLED 1
| /* end confdefs.h.  */
| 
| /* Override any GCC internal prototype to avoid an error.
|    Use char because int might match the return type of a GCC
|    builtin and then its argument prototype would still apply.  */
| #ifdef __cplusplus
| extern "C"
| #endif
| char readline ();
| int
| main ()
| {
| return readline ();
|   ;
|   return 0;
| }
configure:5623: gcc -o conftest.exe -O3 -DNDEBUG -std=c99 -pedantic    conftest.c -lm  -ledit -lcurses >&5
D:/Program Files/mingw64/bin/../lib/gcc/x86_64-w64-mingw32/15.1.0/../../../../x86_64-w64-mingw32/bin/ld.exe: cannot find -ledit: No such file or directory
D:/Program Files/mingw64/bin/../lib/gcc/x86_64-w64-mingw32/15.1.0/../../../../x86_64-w64-mingw32/bin/ld.exe: cannot find -lcurses: No such file or directory
collect2.exe: error: ld returned 1 exit status
configure:5623: $? = 1
configure: failed program was:
| /* confdefs.h */
| #define PACKAGE_NAME "MrBayes"
| #define PACKAGE_TARNAME "mrbayes"
| #define PACKAGE_VERSION "3.2.7a"
| #define PACKAGE_STRING "MrBayes 3.2.7a"
| #define PACKAGE_BUGREPORT ""
| #define PACKAGE_URL ""
| #define PACKAGE "mrbayes"
| #define VERSION "3.2.7a"
| #define HOST_TYPE "x86_64-pc-mingw64"
| #define HOST_CPU "x86_64"
| #define HAVE_LIBM 1
| #define STDC_HEADERS 1
| #define HAVE_SYS_TYPES_H 1
| #define HAVE_SYS_STAT_H 1
| #define HAVE_STDLIB_H 1
| #define HAVE_STRING_H 1
| #define HAVE_MEMORY_H 1
| #define HAVE_STRINGS_H 1
| #define HAVE_INTTYPES_H 1
| #define HAVE_STDINT_H 1
| #define HAVE_UNISTD_H 1
| #define BEAGLE_ENABLED 1
| #define BEAGLE_V3_ENABLED 1
| /* end confdefs.h.  */
| 
| /* Override any GCC internal prototype to avoid an error.
|    Use char because int might match the return type of a GCC
|    builtin and then its argument prototype would still apply.  */
| #ifdef __cplusplus
| extern "C"
| #endif
| char readline ();
| int
| main ()
| {
| return readline ();
|   ;
|   return 0;
| }
configure:5623: gcc -o conftest.exe -O3 -DNDEBUG -std=c99 -pedantic    conftest.c -lm  -ledit -lncurses >&5
D:/Program Files/mingw64/bin/../lib/gcc/x86_64-w64-mingw32/15.1.0/../../../../x86_64-w64-mingw32/bin/ld.exe: cannot find -ledit: No such file or directory
D:/Program Files/mingw64/bin/../lib/gcc/x86_64-w64-mingw32/15.1.0/../../../../x86_64-w64-mingw32/bin/ld.exe: cannot find -lncurses: No such file or directory
collect2.exe: error: ld returned 1 exit status
configure:5623: $? = 1
configure: failed program was:
| /* confdefs.h */
| #define PACKAGE_NAME "MrBayes"
| #define PACKAGE_TARNAME "mrbayes"
| #define PACKAGE_VERSION "3.2.7a"
| #define PACKAGE_STRING "MrBayes 3.2.7a"
| #define PACKAGE_BUGREPORT ""
| #define PACKAGE_URL ""
| #define PACKAGE "mrbayes"
| #define VERSION "3.2.7a"
| #define HOST_TYPE "x86_64-pc-mingw64"
| #define HOST_CPU "x86_64"
| #define HAVE_LIBM 1
| #define STDC_HEADERS 1
| #define HAVE_SYS_TYPES_H 1
| #define HAVE_SYS_STAT_H 1
| #define HAVE_STDLIB_H 1
| #define HAVE_STRING_H 1
| #define HAVE_MEMORY_H 1
| #define HAVE_STRINGS_H 1
| #define HAVE_INTTYPES_H 1
| #define HAVE_STDINT_H 1
| #define HAVE_UNISTD_H 1
| #define BEAGLE_ENABLED 1
| #define BEAGLE_V3_ENABLED 1
| /* end confdefs.h.  */
| 
| /* Override any GCC internal prototype to avoid an error.
|    Use char because int might match the return type of a GCC
|    builtin and then its argument prototype would still apply.  */
| #ifdef __cplusplus
| extern "C"
| #endif
| char readline ();
| int
| main ()
| {
| return readline ();
|   ;
|   return 0;
| }
configure:5623: gcc -o conftest.exe -O3 -DNDEBUG -std=c99 -pedantic    conftest.c -lm  -leditline >&5
D:/Program Files/mingw64/bin/../lib/gcc/x86_64-w64-mingw32/15.1.0/../../../../x86_64-w64-mingw32/bin/ld.exe: cannot find -leditline: No such file or directory
collect2.exe: error: ld returned 1 exit status
configure:5623: $? = 1
configure: failed program was:
| /* confdefs.h */
| #define PACKAGE_NAME "MrBayes"
| #define PACKAGE_TARNAME "mrbayes"
| #define PACKAGE_VERSION "3.2.7a"
| #define PACKAGE_STRING "MrBayes 3.2.7a"
| #define PACKAGE_BUGREPORT ""
| #define PACKAGE_URL ""
| #define PACKAGE "mrbayes"
| #define VERSION "3.2.7a"
| #define HOST_TYPE "x86_64-pc-mingw64"
| #define HOST_CPU "x86_64"
| #define HAVE_LIBM 1
| #define STDC_HEADERS 1
| #define HAVE_SYS_TYPES_H 1
| #define HAVE_SYS_STAT_H 1
| #define HAVE_STDLIB_H 1
| #define HAVE_STRING_H 1
| #define HAVE_MEMORY_H 1
| #define HAVE_STRINGS_H 1
| #define HAVE_INTTYPES_H 1
| #define HAVE_STDINT_H 1
| #define HAVE_UNISTD_H 1
| #define BEAGLE_ENABLED 1
| #define BEAGLE_V3_ENABLED 1
| /* end confdefs.h.  */
| 
| /* Override any GCC internal prototype to avoid an error.
|    Use char because int might match the return type of a GCC
|    builtin and then its argument prototype would still apply.  */
| #ifdef __cplusplus
| extern "C"
| #endif
| char readline ();
| int
| main ()
| {
| return readline ();
|   ;
|   return 0;
| }
configure:5623: gcc -o conftest.exe -O3 -DNDEBUG -std=c99 -pedantic    conftest.c -lm  -leditline -ltermcap >&5
D:/Program Files/mingw64/bin/../lib/gcc/x86_64-w64-mingw32/15.1.0/../../../../x86_64-w64-mingw32/bin/ld.exe: cannot find -leditline: No such file or directory
D:/Program Files/mingw64/bin/../lib/gcc/x86_64-w64-mingw32/15.1.0/../../../../x86_64-w64-mingw32/bin/ld.exe: cannot find -ltermcap: No such file or directory
collect2.exe: error: ld returned 1 exit status
configure:5623: $? = 1
configure: failed program was:
| /* confdefs.h */
| #define PACKAGE_NAME "MrBayes"
| #define PACKAGE_TARNAME "mrbayes"
| #define PACKAGE_VERSION "3.2.7a"
| #define PACKAGE_STRING "MrBayes 3.2.7a"
| #define PACKAGE_BUGREPORT ""
| #define PACKAGE_URL ""
| #define PACKAGE "mrbayes"
| #define VERSION "3.2.7a"
| #define HOST_TYPE "x86_64-pc-mingw64"
| #define HOST_CPU "x86_64"
| #define HAVE_LIBM 1
| #define STDC_HEADERS 1
| #define HAVE_SYS_TYPES_H 1
| #define HAVE_SYS_STAT_H 1
| #define HAVE_STDLIB_H 1
| #define HAVE_STRING_H 1
| #define HAVE_MEMORY_H 1
| #define HAVE_STRINGS_H 1
| #define HAVE_INTTYPES_H 1
| #define HAVE_STDINT_H 1
| #define HAVE_UNISTD_H 1
| #define BEAGLE_ENABLED 1
| #define BEAGLE_V3_ENABLED 1
| /* end confdefs.h.  */
| 
| /* Override any GCC internal prototype to avoid an error.
|    Use char because int might match the return type of a GCC
|    builtin and then its argument prototype would still apply.  */
| #ifdef __cplusplus
| extern "C"
| #endif
| char readline ();
| int
| main ()
| {
| return readline ();
|   ;
|   return 0;
| }
configure:5623: gcc -o conftest.exe -O3 -DNDEBUG -std=c99 -pedantic    conftest.c -lm  -leditline -lcurses >&5
D:/Program Files/mingw64/bin/../lib/gcc/x86_64-w64-mingw32/15.1.0/../../../../x86_64-w64-mingw32/bin/ld.exe: cannot find -leditline: No such file or directory
D:/Program Files/mingw64/bin/../lib/gcc/x86_64-w64-mingw32/15.1.0/../../../../x86_64-w64-mingw32/bin/ld.exe: cannot find -lcurses: No such file or directory
collect2.exe: error: ld returned 1 exit status
configure:5623: $? = 1
configure: failed program was:
| /* confdefs.h */
| #define PACKAGE_NAME "MrBayes"
| #define PACKAGE_TARNAME "mrbayes"
| #define PACKAGE_VERSION "3.2.7a"
| #define PACKAGE_STRING "MrBayes 3.2.7a"
| #define PACKAGE_BUGREPORT ""
| #define PACKAGE_URL ""
| #define PACKAGE "mrbayes"
| #define VERSION "3.2.7a"
| #define HOST_TYPE "x86_64-pc-mingw64"
| #define HOST_CPU "x86_64"
| #define HAVE_LIBM 1
| #define STDC_HEADERS 1
| #define HAVE_SYS_TYPES_H 1
| #define HAVE_SYS_STAT_H 1
| #define HAVE_STDLIB_H 1
| #define HAVE_STRING_H 1
| #define HAVE_MEMORY_H 1
| #define HAVE_STRINGS_H 1
| #define HAVE_INTTYPES_H 1
| #define HAVE_STDINT_H 1
| #define HAVE_UNISTD_H 1
| #define BEAGLE_ENABLED 1
| #define BEAGLE_V3_ENABLED 1
| /* end confdefs.h.  */
| 
| /* Override any GCC internal prototype to avoid an error.
|    Use char because int might match the return type of a GCC
|    builtin and then its argument prototype would still apply.  */
| #ifdef __cplusplus
| extern "C"
| #endif
| char readline ();
| int
| main ()
| {
| return readline ();
|   ;
|   return 0;
| }
configure:5623: gcc -o conftest.exe -O3 -DNDEBUG -std=c99 -pedantic    conftest.c -lm  -leditline -lncurses >&5
D:/Program Files/mingw64/bin/../lib/gcc/x86_64-w64-mingw32/15.1.0/../../../../x86_64-w64-mingw32/bin/ld.exe: cannot find -leditline: No such file or directory
D:/Program Files/mingw64/bin/../lib/gcc/x86_64-w64-mingw32/15.1.0/../../../../x86_64-w64-mingw32/bin/ld.exe: cannot find -lncurses: No such file or directory
collect2.exe: error: ld returned 1 exit status
configure:5623: $? = 1
configure: failed program was:
| /* confdefs.h */
| #define PACKAGE_NAME "MrBayes"
| #define PACKAGE_TARNAME "mrbayes"
| #define PACKAGE_VERSION "3.2.7a"
| #define PACKAGE_STRING "MrBayes 3.2.7a"
| #define PACKAGE_BUGREPORT ""
| #define PACKAGE_URL ""
| #define PACKAGE "mrbayes"
| #define VERSION "3.2.7a"
| #define HOST_TYPE "x86_64-pc-mingw64"
| #define HOST_CPU "x86_64"
| #define HAVE_LIBM 1
| #define STDC_HEADERS 1
| #define HAVE_SYS_TYPES_H 1
| #define HAVE_SYS_STAT_H 1
| #define HAVE_STDLIB_H 1
| #define HAVE_STRING_H 1
| #define HAVE_MEMORY_H 1
| #define HAVE_STRINGS_H 1
| #define HAVE_INTTYPES_H 1
| #define HAVE_STDINT_H 1
| #define HAVE_UNISTD_H 1
| #define BEAGLE_ENABLED 1
| #define BEAGLE_V3_ENABLED 1
| /* end confdefs.h.  */
| 
| /* Override any GCC internal prototype to avoid an error.
|    Use char because int might match the return type of a GCC
|    builtin and then its argument prototype would still apply.  */
| #ifdef __cplusplus
| extern "C"
| #endif
| char readline ();
| int
| main ()
| {
| return readline ();
|   ;
|   return 0;
| }
configure:5642: result: no
configure:5733: checking float.h usability
configure:5733: gcc -c -O3 -DNDEBUG -std=c99 -pedantic   conftest.c >&5
configure:5733: $? = 0
configure:5733: result: yes
configure:5733: checking float.h presence
configure:5733: gcc -E  conftest.c
configure:5733: $? = 0
configure:5733: result: yes
configure:5733: checking for float.h
configure:5733: result: yes
configure:5733: checking limits.h usability
configure:5733: gcc -c -O3 -DNDEBUG -std=c99 -pedantic   conftest.c >&5
configure:5733: $? = 0
configure:5733: result: yes
configure:5733: checking limits.h presence
configure:5733: gcc -E  conftest.c
configure:5733: $? = 0
configure:5733: result: yes
configure:5733: checking for limits.h
configure:5733: result: yes
configure:5733: checking for memory.h
configure:5733: result: yes
configure:5733: checking for stdlib.h
configure:5733: result: yes
configure:5733: checking for string.h
configure:5733: result: yes
configure:5745: checking for long long
configure:5745: gcc -c -O3 -DNDEBUG -std=c99 -pedantic   conftest.c >&5
configure:5745: $? = 0
configure:5745: gcc -c -O3 -DNDEBUG -std=c99 -pedantic   conftest.c >&5
conftest.c: In function 'main':
conftest.c:67:24: error: expected expression before ')' token
   67 | if (sizeof ((long long)))
      |                        ^
configure:5745: $? = 1
configure: failed program was:
| /* confdefs.h */
| #define PACKAGE_NAME "MrBayes"
| #define PACKAGE_TARNAME "mrbayes"
| #define PACKAGE_VERSION "3.2.7a"
| #define PACKAGE_STRING "MrBayes 3.2.7a"
| #define PACKAGE_BUGREPORT ""
| #define PACKAGE_URL ""
| #define PACKAGE "mrbayes"
| #define VERSION "3.2.7a"
| #define HOST_TYPE "x86_64-pc-mingw64"
| #define HOST_CPU "x86_64"
| #define HAVE_LIBM 1
| #define STDC_HEADERS 1
| #define HAVE_SYS_TYPES_H 1
| #define HAVE_SYS_STAT_H 1
| #define HAVE_STDLIB_H 1
| #define HAVE_STRING_H 1
| #define HAVE_MEMORY_H 1
| #define HAVE_STRINGS_H 1
| #define HAVE_INTTYPES_H 1
| #define HAVE_STDINT_H 1
| #define HAVE_UNISTD_H 1
| #define BEAGLE_ENABLED 1
| #define BEAGLE_V3_ENABLED 1
| #define HAVE_FLOAT_H 1
| #define HAVE_LIMITS_H 1
| #define HAVE_MEMORY_H 1
| #define HAVE_STDLIB_H 1
| #define HAVE_STRING_H 1
| /* end confdefs.h.  */
| #include <stdio.h>
| #ifdef HAVE_SYS_TYPES_H
| # include <sys/types.h>
| #endif
| #ifdef HAVE_SYS_STAT_H
| # include <sys/stat.h>
| #endif
| #ifdef STDC_HEADERS
| # include <stdlib.h>
| # include <stddef.h>
| #else
| # ifdef HAVE_STDLIB_H
| #  include <stdlib.h>
| # endif
| #endif
| #ifdef HAVE_STRING_H
| # if !defined STDC_HEADERS && defined HAVE_MEMORY_H
| #  include <memory.h>
| # endif
| # include <string.h>
| #endif
| #ifdef HAVE_STRINGS_H
| # include <strings.h>
| #endif
| #ifdef HAVE_INTTYPES_H
| # include <inttypes.h>
| #endif
| #ifdef HAVE_STDINT_H
| # include <stdint.h>
| #endif
| #ifdef HAVE_UNISTD_H
| # include <unistd.h>
| #endif
| int
| main ()
| {
| if (sizeof ((long long)))
| 	    return 0;
|   ;
|   return 0;
| }
configure:5745: result: yes
configure:5750: checking for size_t
configure:5750: gcc -c -O3 -DNDEBUG -std=c99 -pedantic   conftest.c >&5
configure:5750: $? = 0
configure:5750: gcc -c -O3 -DNDEBUG -std=c99 -pedantic   conftest.c >&5
conftest.c: In function 'main':
conftest.c:67:21: error: expected expression before ')' token
   67 | if (sizeof ((size_t)))
      |                     ^
configure:5750: $? = 1
configure: failed program was:
| /* confdefs.h */
| #define PACKAGE_NAME "MrBayes"
| #define PACKAGE_TARNAME "mrbayes"
| #define PACKAGE_VERSION "3.2.7a"
| #define PACKAGE_STRING "MrBayes 3.2.7a"
| #define PACKAGE_BUGREPORT ""
| #define PACKAGE_URL ""
| #define PACKAGE "mrbayes"
| #define VERSION "3.2.7a"
| #define HOST_TYPE "x86_64-pc-mingw64"
| #define HOST_CPU "x86_64"
| #define HAVE_LIBM 1
| #define STDC_HEADERS 1
| #define HAVE_SYS_TYPES_H 1
| #define HAVE_SYS_STAT_H 1
| #define HAVE_STDLIB_H 1
| #define HAVE_STRING_H 1
| #define HAVE_MEMORY_H 1
| #define HAVE_STRINGS_H 1
| #define HAVE_INTTYPES_H 1
| #define HAVE_STDINT_H 1
| #define HAVE_UNISTD_H 1
| #define BEAGLE_ENABLED 1
| #define BEAGLE_V3_ENABLED 1
| #define HAVE_FLOAT_H 1
| #define HAVE_LIMITS_H 1
| #define HAVE_MEMORY_H 1
| #define HAVE_STDLIB_H 1
| #define HAVE_STRING_H 1
| /* end confdefs.h.  */
| #include <stdio.h>
| #ifdef HAVE_SYS_TYPES_H
| # include <sys/types.h>
| #endif
| #ifdef HAVE_SYS_STAT_H
| # include <sys/stat.h>
| #endif
| #ifdef STDC_HEADERS
| # include <stdlib.h>
| # include <stddef.h>
| #else
| # ifdef HAVE_STDLIB_H
| #  include <stdlib.h>
| # endif
| #endif
| #ifdef HAVE_STRING_H
| # if !defined STDC_HEADERS && defined HAVE_MEMORY_H
| #  include <memory.h>
| # endif
| # include <string.h>
| #endif
| #ifdef HAVE_STRINGS_H
| # include <strings.h>
| #endif
| #ifdef HAVE_INTTYPES_H
| # include <inttypes.h>
| #endif
| #ifdef HAVE_STDINT_H
| # include <stdint.h>
| #endif
| #ifdef HAVE_UNISTD_H
| # include <unistd.h>
| #endif
| int
| main ()
| {
| if (sizeof ((size_t)))
| 	    return 0;
|   ;
|   return 0;
| }
configure:5750: result: yes
configure:5761: checking for stdbool.h that conforms to C99
configure:5828: gcc -c -O3 -DNDEBUG -std=c99 -pedantic   conftest.c >&5
configure:5828: $? = 0
configure:5835: result: yes
configure:5837: checking for _Bool
configure:5837: gcc -c -O3 -DNDEBUG -std=c99 -pedantic   conftest.c >&5
configure:5837: $? = 0
configure:5837: gcc -c -O3 -DNDEBUG -std=c99 -pedantic   conftest.c >&5
conftest.c: In function 'main':
conftest.c:67:20: error: expected expression before ')' token
   67 | if (sizeof ((_Bool)))
      |                    ^
configure:5837: $? = 1
configure: failed program was:
| /* confdefs.h */
| #define PACKAGE_NAME "MrBayes"
| #define PACKAGE_TARNAME "mrbayes"
| #define PACKAGE_VERSION "3.2.7a"
| #define PACKAGE_STRING "MrBayes 3.2.7a"
| #define PACKAGE_BUGREPORT ""
| #define PACKAGE_URL ""
| #define PACKAGE "mrbayes"
| #define VERSION "3.2.7a"
| #define HOST_TYPE "x86_64-pc-mingw64"
| #define HOST_CPU "x86_64"
| #define HAVE_LIBM 1
| #define STDC_HEADERS 1
| #define HAVE_SYS_TYPES_H 1
| #define HAVE_SYS_STAT_H 1
| #define HAVE_STDLIB_H 1
| #define HAVE_STRING_H 1
| #define HAVE_MEMORY_H 1
| #define HAVE_STRINGS_H 1
| #define HAVE_INTTYPES_H 1
| #define HAVE_STDINT_H 1
| #define HAVE_UNISTD_H 1
| #define BEAGLE_ENABLED 1
| #define BEAGLE_V3_ENABLED 1
| #define HAVE_FLOAT_H 1
| #define HAVE_LIMITS_H 1
| #define HAVE_MEMORY_H 1
| #define HAVE_STDLIB_H 1
| #define HAVE_STRING_H 1
| /* end confdefs.h.  */
| #include <stdio.h>
| #ifdef HAVE_SYS_TYPES_H
| # include <sys/types.h>
| #endif
| #ifdef HAVE_SYS_STAT_H
| # include <sys/stat.h>
| #endif
| #ifdef STDC_HEADERS
| # include <stdlib.h>
| # include <stddef.h>
| #else
| # ifdef HAVE_STDLIB_H
| #  include <stdlib.h>
| # endif
| #endif
| #ifdef HAVE_STRING_H
| # if !defined STDC_HEADERS && defined HAVE_MEMORY_H
| #  include <memory.h>
| # endif
| # include <string.h>
| #endif
| #ifdef HAVE_STRINGS_H
| # include <strings.h>
| #endif
| #ifdef HAVE_INTTYPES_H
| # include <inttypes.h>
| #endif
| #ifdef HAVE_STDINT_H
| # include <stdint.h>
| #endif
| #ifdef HAVE_UNISTD_H
| # include <unistd.h>
| #endif
| int
| main ()
| {
| if (sizeof ((_Bool)))
| 	    return 0;
|   ;
|   return 0;
| }
configure:5837: result: yes
configure:5850: checking for C compiler vendor
configure:5908: gcc -c -O3 -DNDEBUG -std=c99 -pedantic   conftest.c >&5
conftest.c: In function 'main':
conftest.c:38:7: error: 'thisisanerror' undeclared (first use in this function)
   38 |       thisisanerror;
      |       ^~~~~~~~~~~~~
conftest.c:38:7: note: each undeclared identifier is reported only once for each function it appears in
configure:5908: $? = 1
configure: failed program was:
| /* confdefs.h */
| #define PACKAGE_NAME "MrBayes"
| #define PACKAGE_TARNAME "mrbayes"
| #define PACKAGE_VERSION "3.2.7a"
| #define PACKAGE_STRING "MrBayes 3.2.7a"
| #define PACKAGE_BUGREPORT ""
| #define PACKAGE_URL ""
| #define PACKAGE "mrbayes"
| #define VERSION "3.2.7a"
| #define HOST_TYPE "x86_64-pc-mingw64"
| #define HOST_CPU "x86_64"
| #define HAVE_LIBM 1
| #define STDC_HEADERS 1
| #define HAVE_SYS_TYPES_H 1
| #define HAVE_SYS_STAT_H 1
| #define HAVE_STDLIB_H 1
| #define HAVE_STRING_H 1
| #define HAVE_MEMORY_H 1
| #define HAVE_STRINGS_H 1
| #define HAVE_INTTYPES_H 1
| #define HAVE_STDINT_H 1
| #define HAVE_UNISTD_H 1
| #define BEAGLE_ENABLED 1
| #define BEAGLE_V3_ENABLED 1
| #define HAVE_FLOAT_H 1
| #define HAVE_LIMITS_H 1
| #define HAVE_MEMORY_H 1
| #define HAVE_STDLIB_H 1
| #define HAVE_STRING_H 1
| #define HAVE__BOOL 1
| /* end confdefs.h.  */
| 
| int
| main ()
| {
| 
| #if !(defined(__ICC) || defined(__ECC) || defined(__INTEL_COMPILER))
|       thisisanerror;
| #endif
| 
|   ;
|   return 0;
| }
configure:5908: gcc -c -O3 -DNDEBUG -std=c99 -pedantic   conftest.c >&5
conftest.c: In function 'main':
conftest.c:38:7: error: 'thisisanerror' undeclared (first use in this function)
   38 |       thisisanerror;
      |       ^~~~~~~~~~~~~
conftest.c:38:7: note: each undeclared identifier is reported only once for each function it appears in
configure:5908: $? = 1
configure: failed program was:
| /* confdefs.h */
| #define PACKAGE_NAME "MrBayes"
| #define PACKAGE_TARNAME "mrbayes"
| #define PACKAGE_VERSION "3.2.7a"
| #define PACKAGE_STRING "MrBayes 3.2.7a"
| #define PACKAGE_BUGREPORT ""
| #define PACKAGE_URL ""
| #define PACKAGE "mrbayes"
| #define VERSION "3.2.7a"
| #define HOST_TYPE "x86_64-pc-mingw64"
| #define HOST_CPU "x86_64"
| #define HAVE_LIBM 1
| #define STDC_HEADERS 1
| #define HAVE_SYS_TYPES_H 1
| #define HAVE_SYS_STAT_H 1
| #define HAVE_STDLIB_H 1
| #define HAVE_STRING_H 1
| #define HAVE_MEMORY_H 1
| #define HAVE_STRINGS_H 1
| #define HAVE_INTTYPES_H 1
| #define HAVE_STDINT_H 1
| #define HAVE_UNISTD_H 1
| #define BEAGLE_ENABLED 1
| #define BEAGLE_V3_ENABLED 1
| #define HAVE_FLOAT_H 1
| #define HAVE_LIMITS_H 1
| #define HAVE_MEMORY_H 1
| #define HAVE_STDLIB_H 1
| #define HAVE_STRING_H 1
| #define HAVE__BOOL 1
| /* end confdefs.h.  */
| 
| int
| main ()
| {
| 
| #if !(defined(__xlc__) || defined(__xlC__) || defined(__IBMC__) || defined(__IBMCPP__) || defined(__ibmxl__))
|       thisisanerror;
| #endif
| 
|   ;
|   return 0;
| }
configure:5908: gcc -c -O3 -DNDEBUG -std=c99 -pedantic   conftest.c >&5
conftest.c: In function 'main':
conftest.c:38:7: error: 'thisisanerror' undeclared (first use in this function)
   38 |       thisisanerror;
      |       ^~~~~~~~~~~~~
conftest.c:38:7: note: each undeclared identifier is reported only once for each function it appears in
configure:5908: $? = 1
configure: failed program was:
| /* confdefs.h */
| #define PACKAGE_NAME "MrBayes"
| #define PACKAGE_TARNAME "mrbayes"
| #define PACKAGE_VERSION "3.2.7a"
| #define PACKAGE_STRING "MrBayes 3.2.7a"
| #define PACKAGE_BUGREPORT ""
| #define PACKAGE_URL ""
| #define PACKAGE "mrbayes"
| #define VERSION "3.2.7a"
| #define HOST_TYPE "x86_64-pc-mingw64"
| #define HOST_CPU "x86_64"
| #define HAVE_LIBM 1
| #define STDC_HEADERS 1
| #define HAVE_SYS_TYPES_H 1
| #define HAVE_SYS_STAT_H 1
| #define HAVE_STDLIB_H 1
| #define HAVE_STRING_H 1
| #define HAVE_MEMORY_H 1
| #define HAVE_STRINGS_H 1
| #define HAVE_INTTYPES_H 1
| #define HAVE_STDINT_H 1
| #define HAVE_UNISTD_H 1
| #define BEAGLE_ENABLED 1
| #define BEAGLE_V3_ENABLED 1
| #define HAVE_FLOAT_H 1
| #define HAVE_LIMITS_H 1
| #define HAVE_MEMORY_H 1
| #define HAVE_STDLIB_H 1
| #define HAVE_STRING_H 1
| #define HAVE__BOOL 1
| /* end confdefs.h.  */
| 
| int
| main ()
| {
| 
| #if !(defined(__PATHCC__) || defined(__PATHSCALE__))
|       thisisanerror;
| #endif
| 
|   ;
|   return 0;
| }
configure:5908: gcc -c -O3 -DNDEBUG -std=c99 -pedantic   conftest.c >&5
conftest.c: In function 'main':
conftest.c:38:7: error: 'thisisanerror' undeclared (first use in this function)
   38 |       thisisanerror;
      |       ^~~~~~~~~~~~~
conftest.c:38:7: note: each undeclared identifier is reported only once for each function it appears in
configure:5908: $? = 1
configure: failed program was:
| /* confdefs.h */
| #define PACKAGE_NAME "MrBayes"
| #define PACKAGE_TARNAME "mrbayes"
| #define PACKAGE_VERSION "3.2.7a"
| #define PACKAGE_STRING "MrBayes 3.2.7a"
| #define PACKAGE_BUGREPORT ""
| #define PACKAGE_URL ""
| #define PACKAGE "mrbayes"
| #define VERSION "3.2.7a"
| #define HOST_TYPE "x86_64-pc-mingw64"
| #define HOST_CPU "x86_64"
| #define HAVE_LIBM 1
| #define STDC_HEADERS 1
| #define HAVE_SYS_TYPES_H 1
| #define HAVE_SYS_STAT_H 1
| #define HAVE_STDLIB_H 1
| #define HAVE_STRING_H 1
| #define HAVE_MEMORY_H 1
| #define HAVE_STRINGS_H 1
| #define HAVE_INTTYPES_H 1
| #define HAVE_STDINT_H 1
| #define HAVE_UNISTD_H 1
| #define BEAGLE_ENABLED 1
| #define BEAGLE_V3_ENABLED 1
| #define HAVE_FLOAT_H 1
| #define HAVE_LIMITS_H 1
| #define HAVE_MEMORY_H 1
| #define HAVE_STDLIB_H 1
| #define HAVE_STRING_H 1
| #define HAVE__BOOL 1
| /* end confdefs.h.  */
| 
| int
| main ()
| {
| 
| #if !(defined(__clang__))
|       thisisanerror;
| #endif
| 
|   ;
|   return 0;
| }
configure:5908: gcc -c -O3 -DNDEBUG -std=c99 -pedantic   conftest.c >&5
conftest.c: In function 'main':
conftest.c:38:7: error: 'thisisanerror' undeclared (first use in this function)
   38 |       thisisanerror;
      |       ^~~~~~~~~~~~~
conftest.c:38:7: note: each undeclared identifier is reported only once for each function it appears in
configure:5908: $? = 1
configure: failed program was:
| /* confdefs.h */
| #define PACKAGE_NAME "MrBayes"
| #define PACKAGE_TARNAME "mrbayes"
| #define PACKAGE_VERSION "3.2.7a"
| #define PACKAGE_STRING "MrBayes 3.2.7a"
| #define PACKAGE_BUGREPORT ""
| #define PACKAGE_URL ""
| #define PACKAGE "mrbayes"
| #define VERSION "3.2.7a"
| #define HOST_TYPE "x86_64-pc-mingw64"
| #define HOST_CPU "x86_64"
| #define HAVE_LIBM 1
| #define STDC_HEADERS 1
| #define HAVE_SYS_TYPES_H 1
| #define HAVE_SYS_STAT_H 1
| #define HAVE_STDLIB_H 1
| #define HAVE_STRING_H 1
| #define HAVE_MEMORY_H 1
| #define HAVE_STRINGS_H 1
| #define HAVE_INTTYPES_H 1
| #define HAVE_STDINT_H 1
| #define HAVE_UNISTD_H 1
| #define BEAGLE_ENABLED 1
| #define BEAGLE_V3_ENABLED 1
| #define HAVE_FLOAT_H 1
| #define HAVE_LIMITS_H 1
| #define HAVE_MEMORY_H 1
| #define HAVE_STDLIB_H 1
| #define HAVE_STRING_H 1
| #define HAVE__BOOL 1
| /* end confdefs.h.  */
| 
| int
| main ()
| {
| 
| #if !(defined(_CRAYC))
|       thisisanerror;
| #endif
| 
|   ;
|   return 0;
| }
configure:5908: gcc -c -O3 -DNDEBUG -std=c99 -pedantic   conftest.c >&5
conftest.c: In function 'main':
conftest.c:38:7: error: 'thisisanerror' undeclared (first use in this function)
   38 |       thisisanerror;
      |       ^~~~~~~~~~~~~
conftest.c:38:7: note: each undeclared identifier is reported only once for each function it appears in
configure:5908: $? = 1
configure: failed program was:
| /* confdefs.h */
| #define PACKAGE_NAME "MrBayes"
| #define PACKAGE_TARNAME "mrbayes"
| #define PACKAGE_VERSION "3.2.7a"
| #define PACKAGE_STRING "MrBayes 3.2.7a"
| #define PACKAGE_BUGREPORT ""
| #define PACKAGE_URL ""
| #define PACKAGE "mrbayes"
| #define VERSION "3.2.7a"
| #define HOST_TYPE "x86_64-pc-mingw64"
| #define HOST_CPU "x86_64"
| #define HAVE_LIBM 1
| #define STDC_HEADERS 1
| #define HAVE_SYS_TYPES_H 1
| #define HAVE_SYS_STAT_H 1
| #define HAVE_STDLIB_H 1
| #define HAVE_STRING_H 1
| #define HAVE_MEMORY_H 1
| #define HAVE_STRINGS_H 1
| #define HAVE_INTTYPES_H 1
| #define HAVE_STDINT_H 1
| #define HAVE_UNISTD_H 1
| #define BEAGLE_ENABLED 1
| #define BEAGLE_V3_ENABLED 1
| #define HAVE_FLOAT_H 1
| #define HAVE_LIMITS_H 1
| #define HAVE_MEMORY_H 1
| #define HAVE_STDLIB_H 1
| #define HAVE_STRING_H 1
| #define HAVE__BOOL 1
| /* end confdefs.h.  */
| 
| int
| main ()
| {
| 
| #if !(defined(__FUJITSU))
|       thisisanerror;
| #endif
| 
|   ;
|   return 0;
| }
configure:5908: gcc -c -O3 -DNDEBUG -std=c99 -pedantic   conftest.c >&5
conftest.c: In function 'main':
conftest.c:38:7: error: 'thisisanerror' undeclared (first use in this function)
   38 |       thisisanerror;
      |       ^~~~~~~~~~~~~
conftest.c:38:7: note: each undeclared identifier is reported only once for each function it appears in
configure:5908: $? = 1
configure: failed program was:
| /* confdefs.h */
| #define PACKAGE_NAME "MrBayes"
| #define PACKAGE_TARNAME "mrbayes"
| #define PACKAGE_VERSION "3.2.7a"
| #define PACKAGE_STRING "MrBayes 3.2.7a"
| #define PACKAGE_BUGREPORT ""
| #define PACKAGE_URL ""
| #define PACKAGE "mrbayes"
| #define VERSION "3.2.7a"
| #define HOST_TYPE "x86_64-pc-mingw64"
| #define HOST_CPU "x86_64"
| #define HAVE_LIBM 1
| #define STDC_HEADERS 1
| #define HAVE_SYS_TYPES_H 1
| #define HAVE_SYS_STAT_H 1
| #define HAVE_STDLIB_H 1
| #define HAVE_STRING_H 1
| #define HAVE_MEMORY_H 1
| #define HAVE_STRINGS_H 1
| #define HAVE_INTTYPES_H 1
| #define HAVE_STDINT_H 1
| #define HAVE_UNISTD_H 1
| #define BEAGLE_ENABLED 1
| #define BEAGLE_V3_ENABLED 1
| #define HAVE_FLOAT_H 1
| #define HAVE_LIMITS_H 1
| #define HAVE_MEMORY_H 1
| #define HAVE_STDLIB_H 1
| #define HAVE_STRING_H 1
| #define HAVE__BOOL 1
| /* end confdefs.h.  */
| 
| int
| main ()
| {
| 
| #if !(defined(SDCC) || defined(__SDCC))
|       thisisanerror;
| #endif
| 
|   ;
|   return 0;
| }
configure:5908: gcc -c -O3 -DNDEBUG -std=c99 -pedantic   conftest.c >&5
conftest.c: In function 'main':
conftest.c:38:7: error: 'thisisanerror' undeclared (first use in this function)
   38 |       thisisanerror;
      |       ^~~~~~~~~~~~~
conftest.c:38:7: note: each undeclared identifier is reported only once for each function it appears in
configure:5908: $? = 1
configure: failed program was:
| /* confdefs.h */
| #define PACKAGE_NAME "MrBayes"
| #define PACKAGE_TARNAME "mrbayes"
| #define PACKAGE_VERSION "3.2.7a"
| #define PACKAGE_STRING "MrBayes 3.2.7a"
| #define PACKAGE_BUGREPORT ""
| #define PACKAGE_URL ""
| #define PACKAGE "mrbayes"
| #define VERSION "3.2.7a"
| #define HOST_TYPE "x86_64-pc-mingw64"
| #define HOST_CPU "x86_64"
| #define HAVE_LIBM 1
| #define STDC_HEADERS 1
| #define HAVE_SYS_TYPES_H 1
| #define HAVE_SYS_STAT_H 1
| #define HAVE_STDLIB_H 1
| #define HAVE_STRING_H 1
| #define HAVE_MEMORY_H 1
| #define HAVE_STRINGS_H 1
| #define HAVE_INTTYPES_H 1
| #define HAVE_STDINT_H 1
| #define HAVE_UNISTD_H 1
| #define BEAGLE_ENABLED 1
| #define BEAGLE_V3_ENABLED 1
| #define HAVE_FLOAT_H 1
| #define HAVE_LIMITS_H 1
| #define HAVE_MEMORY_H 1
| #define HAVE_STDLIB_H 1
| #define HAVE_STRING_H 1
| #define HAVE__BOOL 1
| /* end confdefs.h.  */
| 
| int
| main ()
| {
| 
| #if !(defined(_SX))
|       thisisanerror;
| #endif
| 
|   ;
|   return 0;
| }
configure:5908: gcc -c -O3 -DNDEBUG -std=c99 -pedantic   conftest.c >&5
conftest.c: In function 'main':
conftest.c:38:7: error: 'thisisanerror' undeclared (first use in this function)
   38 |       thisisanerror;
      |       ^~~~~~~~~~~~~
conftest.c:38:7: note: each undeclared identifier is reported only once for each function it appears in
configure:5908: $? = 1
configure: failed program was:
| /* confdefs.h */
| #define PACKAGE_NAME "MrBayes"
| #define PACKAGE_TARNAME "mrbayes"
| #define PACKAGE_VERSION "3.2.7a"
| #define PACKAGE_STRING "MrBayes 3.2.7a"
| #define PACKAGE_BUGREPORT ""
| #define PACKAGE_URL ""
| #define PACKAGE "mrbayes"
| #define VERSION "3.2.7a"
| #define HOST_TYPE "x86_64-pc-mingw64"
| #define HOST_CPU "x86_64"
| #define HAVE_LIBM 1
| #define STDC_HEADERS 1
| #define HAVE_SYS_TYPES_H 1
| #define HAVE_SYS_STAT_H 1
| #define HAVE_STDLIB_H 1
| #define HAVE_STRING_H 1
| #define HAVE_MEMORY_H 1
| #define HAVE_STRINGS_H 1
| #define HAVE_INTTYPES_H 1
| #define HAVE_STDINT_H 1
| #define HAVE_UNISTD_H 1
| #define BEAGLE_ENABLED 1
| #define BEAGLE_V3_ENABLED 1
| #define HAVE_FLOAT_H 1
| #define HAVE_LIMITS_H 1
| #define HAVE_MEMORY_H 1
| #define HAVE_STDLIB_H 1
| #define HAVE_STRING_H 1
| #define HAVE__BOOL 1
| /* end confdefs.h.  */
| 
| int
| main ()
| {
| 
| #if !(defined(__NVCOMPILER))
|       thisisanerror;
| #endif
| 
|   ;
|   return 0;
| }
configure:5908: gcc -c -O3 -DNDEBUG -std=c99 -pedantic   conftest.c >&5
conftest.c: In function 'main':
conftest.c:38:7: error: 'thisisanerror' undeclared (first use in this function)
   38 |       thisisanerror;
      |       ^~~~~~~~~~~~~
conftest.c:38:7: note: each undeclared identifier is reported only once for each function it appears in
configure:5908: $? = 1
configure: failed program was:
| /* confdefs.h */
| #define PACKAGE_NAME "MrBayes"
| #define PACKAGE_TARNAME "mrbayes"
| #define PACKAGE_VERSION "3.2.7a"
| #define PACKAGE_STRING "MrBayes 3.2.7a"
| #define PACKAGE_BUGREPORT ""
| #define PACKAGE_URL ""
| #define PACKAGE "mrbayes"
| #define VERSION "3.2.7a"
| #define HOST_TYPE "x86_64-pc-mingw64"
| #define HOST_CPU "x86_64"
| #define HAVE_LIBM 1
| #define STDC_HEADERS 1
| #define HAVE_SYS_TYPES_H 1
| #define HAVE_SYS_STAT_H 1
| #define HAVE_STDLIB_H 1
| #define HAVE_STRING_H 1
| #define HAVE_MEMORY_H 1
| #define HAVE_STRINGS_H 1
| #define HAVE_INTTYPES_H 1
| #define HAVE_STDINT_H 1
| #define HAVE_UNISTD_H 1
| #define BEAGLE_ENABLED 1
| #define BEAGLE_V3_ENABLED 1
| #define HAVE_FLOAT_H 1
| #define HAVE_LIMITS_H 1
| #define HAVE_MEMORY_H 1
| #define HAVE_STDLIB_H 1
| #define HAVE_STRING_H 1
| #define HAVE__BOOL 1
| /* end confdefs.h.  */
| 
| int
| main ()
| {
| 
| #if !(defined(__PGI))
|       thisisanerror;
| #endif
| 
|   ;
|   return 0;
| }
configure:5908: gcc -c -O3 -DNDEBUG -std=c99 -pedantic   conftest.c >&5
configure:5908: $? = 0
configure:5917: result: gnu
configure:5920: checking for a sed that does not truncate output
configure:5984: result: /usr/bin/sed
configure:5991: checking for C compiler version
configure:6213: gcc -o conftest.exe -O3 -DNDEBUG -std=c99 -pedantic    conftest.c -lm  >&5
configure:6213: $? = 0
configure:6213: ./conftest.exe
configure:6213: $? = 0
configure:6222: gcc -o conftest.exe -O3 -DNDEBUG -std=c99 -pedantic    conftest.c -lm  >&5
configure:6222: $? = 0
configure:6222: ./conftest.exe
configure:6222: $? = 0
configure:6231: gcc -o conftest.exe -O3 -DNDEBUG -std=c99 -pedantic    conftest.c -lm  >&5
configure:6231: $? = 0
configure:6231: ./conftest.exe
configure:6231: $? = 0
configure:6979: result: 15.1.0
configure:7005: checking CFLAGS for most reasonable warnings
configure:7088: : CFLAGS="$CFLAGS"
configure:7091: $? = 0
configure:7114: result: -Wall
configure:7133: checking for x86 cpuid  output
configure:7165: gcc -o conftest.exe -Wall -O3 -DNDEBUG -std=c99 -pedantic    conftest.c -lm  >&5
conftest.c: In function 'main':
conftest.c:39:15: error: expected expression before ',' token
   39 |      int op = , level = 0, eax, ebx, ecx, edx;
      |               ^
configure:7165: $? = 1
configure: program exited with status 1
configure: failed program was:
| /* confdefs.h */
| #define PACKAGE_NAME "MrBayes"
| #define PACKAGE_TARNAME "mrbayes"
| #define PACKAGE_VERSION "3.2.7a"
| #define PACKAGE_STRING "MrBayes 3.2.7a"
| #define PACKAGE_BUGREPORT ""
| #define PACKAGE_URL ""
| #define PACKAGE "mrbayes"
| #define VERSION "3.2.7a"
| #define HOST_TYPE "x86_64-pc-mingw64"
| #define HOST_CPU "x86_64"
| #define HAVE_LIBM 1
| #define STDC_HEADERS 1
| #define HAVE_SYS_TYPES_H 1
| #define HAVE_SYS_STAT_H 1
| #define HAVE_STDLIB_H 1
| #define HAVE_STRING_H 1
| #define HAVE_MEMORY_H 1
| #define HAVE_STRINGS_H 1
| #define HAVE_INTTYPES_H 1
| #define HAVE_STDINT_H 1
| #define HAVE_UNISTD_H 1
| #define BEAGLE_ENABLED 1
| #define BEAGLE_V3_ENABLED 1
| #define HAVE_FLOAT_H 1
| #define HAVE_LIMITS_H 1
| #define HAVE_MEMORY_H 1
| #define HAVE_STDLIB_H 1
| #define HAVE_STRING_H 1
| #define HAVE__BOOL 1
| #define COMPILER_VENDOR "gnu"
| #define COMPILER_VERSION "15.1.0"
| /* end confdefs.h.  */
| #include <stdio.h>
| int
| main ()
| {
| 
|      int op = , level = 0, eax, ebx, ecx, edx;
|      FILE *f;
|       __asm__ __volatile__ ("xchg %%ebx, %1\n"
|         "cpuid\n"
|         "xchg %%ebx, %1\n"
|         : "=a" (eax), "=r" (ebx), "=c" (ecx), "=d" (edx)
|         : "a" (op), "2" (level));
| 
|      f = fopen("conftest_cpuid", "w"); if (!f) return 1;
|      fprintf(f, "%x:%x:%x:%x\n", eax, ebx, ecx, edx);
|      fclose(f);
|      return 0;
| 
|   ;
|   return 0;
| }
configure:7175: result: unknown
configure:7192: checking for x86-AVX xgetbv  output
configure:7222: gcc -o conftest.exe -Wall -O3 -DNDEBUG -std=c99 -pedantic    conftest.c -lm  >&5
conftest.c: In function 'main':
conftest.c:39:15: error: expected expression before ',' token
   39 |      int op = , eax, edx;
      |               ^
configure:7222: $? = 1
configure: program exited with status 1
configure: failed program was:
| /* confdefs.h */
| #define PACKAGE_NAME "MrBayes"
| #define PACKAGE_TARNAME "mrbayes"
| #define PACKAGE_VERSION "3.2.7a"
| #define PACKAGE_STRING "MrBayes 3.2.7a"
| #define PACKAGE_BUGREPORT ""
| #define PACKAGE_URL ""
| #define PACKAGE "mrbayes"
| #define VERSION "3.2.7a"
| #define HOST_TYPE "x86_64-pc-mingw64"
| #define HOST_CPU "x86_64"
| #define HAVE_LIBM 1
| #define STDC_HEADERS 1
| #define HAVE_SYS_TYPES_H 1
| #define HAVE_SYS_STAT_H 1
| #define HAVE_STDLIB_H 1
| #define HAVE_STRING_H 1
| #define HAVE_MEMORY_H 1
| #define HAVE_STRINGS_H 1
| #define HAVE_INTTYPES_H 1
| #define HAVE_STDINT_H 1
| #define HAVE_UNISTD_H 1
| #define BEAGLE_ENABLED 1
| #define BEAGLE_V3_ENABLED 1
| #define HAVE_FLOAT_H 1
| #define HAVE_LIMITS_H 1
| #define HAVE_MEMORY_H 1
| #define HAVE_STDLIB_H 1
| #define HAVE_STRING_H 1
| #define HAVE__BOOL 1
| #define COMPILER_VENDOR "gnu"
| #define COMPILER_VERSION "15.1.0"
| /* end confdefs.h.  */
| #include <stdio.h>
| int
| main ()
| {
| 
|      int op = , eax, edx;
|      FILE *f;
|       /* Opcodes for xgetbv */
|       __asm__ __volatile__ (".byte 0x0f, 0x01, 0xd0"
|         : "=a" (eax), "=d" (edx)
|         : "c" (op));
|      f = fopen("conftest_xgetbv", "w"); if (!f) return 1;
|      fprintf(f, "%x:%x\n", eax, edx);
|      fclose(f);
|      return 0;
| 
|   ;
|   return 0;
| }
configure:7232: result: unknown
configure:7432: checking for x86 cpuid 0x00000000 output
configure:7464: gcc -o conftest.exe -Wall -O3 -DNDEBUG -std=c99 -pedantic    conftest.c -lm  >&5
configure:7464: $? = 0
configure:7464: ./conftest.exe
configure:7464: $? = 0
configure:7474: result: 20:756e6547:6c65746e:49656e69
configure:7497: checking for x86 cpuid 0x80000000 output
configure:7529: gcc -o conftest.exe -Wall -O3 -DNDEBUG -std=c99 -pedantic    conftest.c -lm  >&5
configure:7529: $? = 0
configure:7529: ./conftest.exe
configure:7529: $? = 0
configure:7539: result: 80000008:0:0:0
configure:7564: checking for x86 cpuid 0x00000001 output
configure:7596: gcc -o conftest.exe -Wall -O3 -DNDEBUG -std=c99 -pedantic    conftest.c -lm  >&5
configure:7596: $? = 0
configure:7596: ./conftest.exe
configure:7596: $? = 0
configure:7606: result: b0671:18800800:fffaf38b:bfcbfbff
configure:7633: checking for x86 cpuid 0x00000007 output
configure:7665: gcc -o conftest.exe -Wall -O3 -DNDEBUG -std=c99 -pedantic    conftest.c -lm  >&5
configure:7665: $? = 0
configure:7665: ./conftest.exe
configure:7665: $? = 0
configure:7675: result: 2:239c27a9:184007a4:bc18c410
configure:7701: checking for x86 cpuid 0x80000001 output
configure:7733: gcc -o conftest.exe -Wall -O3 -DNDEBUG -std=c99 -pedantic    conftest.c -lm  >&5
configure:7733: $? = 0
configure:7733: ./conftest.exe
configure:7733: $? = 0
configure:7743: result: 0:0:121:2c100800
configure:7802: gcc -o conftest.exe -Wall -O3 -DNDEBUG -std=c99 -pedantic    conftest.c -lm  >&5
configure:7802: $? = 0
configure:7802: ./conftest.exe
configure:7802: $? = 0
configure:7831: checking for x86-AVX xgetbv 0x00000000 output
configure:7861: gcc -o conftest.exe -Wall -O3 -DNDEBUG -std=c99 -pedantic    conftest.c -lm  >&5
configure:7861: $? = 0
configure:7861: ./conftest.exe
configure:7861: $? = 0
configure:7871: result: 7:0
configure:7925: checking whether RDRND is supported by the processor
configure:7938: result: yes
configure:7942: checking whether RDRND is supported by the processor and OS
configure:7955: result: yes
configure:7960: checking whether C compiler accepts -mrdrnd
configure:7979: gcc -c -Wall -O3 -DNDEBUG -std=c99 -pedantic   -mrdrnd  conftest.c >&5
configure:7979: $? = 0
configure:7988: result: yes
configure:7925: checking whether BMI1 is supported by the processor
configure:7938: result: yes
configure:7942: checking whether BMI1 is supported by the processor and OS
configure:7955: result: yes
configure:7960: checking whether C compiler accepts -mbmi
configure:7979: gcc -c -Wall -O3 -DNDEBUG -std=c99 -pedantic   -mbmi  conftest.c >&5
configure:7979: $? = 0
configure:7988: result: yes
configure:7925: checking whether BMI2 is supported by the processor
configure:7938: result: yes
configure:7942: checking whether BMI2 is supported by the processor and OS
configure:7955: result: yes
configure:7960: checking whether C compiler accepts -mbmi2
configure:7979: gcc -c -Wall -O3 -DNDEBUG -std=c99 -pedantic   -mbmi2  conftest.c >&5
configure:7979: $? = 0
configure:7988: result: yes
configure:7925: checking whether ADX is supported by the processor
configure:7938: result: yes
configure:7942: checking whether ADX is supported by the processor and OS
configure:7955: result: yes
configure:7960: checking whether C compiler accepts -madx
configure:7979: gcc -c -Wall -O3 -DNDEBUG -std=c99 -pedantic   -madx  conftest.c >&5
configure:7979: $? = 0
configure:7988: result: yes
configure:7925: checking whether MPX is supported by the processor
configure:7938: result: no
configure:7925: checking whether PREFETCHWT1 is supported by the processor
configure:7938: result: no
configure:7925: checking whether ABM is supported by the processor
configure:7938: result: yes
configure:7942: checking whether ABM is supported by the processor and OS
configure:7955: result: yes
configure:7960: checking whether C compiler accepts -mabm
configure:7979: gcc -c -Wall -O3 -DNDEBUG -std=c99 -pedantic   -mabm  conftest.c >&5
configure:7979: $? = 0
configure:7988: result: yes
configure:7925: checking whether MMX is supported by the processor
configure:7938: result: yes
configure:7942: checking whether MMX is supported by the processor and OS
configure:7955: result: yes
configure:7960: checking whether C compiler accepts -mmmx
configure:7979: gcc -c -Wall -O3 -DNDEBUG -std=c99 -pedantic   -mmmx  conftest.c >&5
configure:7979: $? = 0
configure:7988: result: yes
configure:7925: checking whether SSE is supported by the processor
configure:7938: result: yes
configure:7942: checking whether SSE is supported by the processor and OS
configure:7955: result: yes
configure:7960: checking whether C compiler accepts -msse
configure:7979: gcc -c -Wall -O3 -DNDEBUG -std=c99 -pedantic   -msse  conftest.c >&5
configure:7979: $? = 0
configure:7988: result: yes
configure:7925: checking whether SSE2 is supported by the processor
configure:7938: result: yes
configure:7942: checking whether SSE2 is supported by the processor and OS
configure:7955: result: yes
configure:7960: checking whether C compiler accepts -msse2
configure:7979: gcc -c -Wall -O3 -DNDEBUG -std=c99 -pedantic   -msse2  conftest.c >&5
configure:7979: $? = 0
configure:7988: result: yes
configure:7925: checking whether SSE3 is supported by the processor
configure:7938: result: yes
configure:7942: checking whether SSE3 is supported by the processor and OS
configure:7955: result: yes
configure:7960: checking whether C compiler accepts -msse3
configure:7979: gcc -c -Wall -O3 -DNDEBUG -std=c99 -pedantic   -msse3  conftest.c >&5
configure:7979: $? = 0
configure:7988: result: yes
configure:7925: checking whether SSSE3 is supported by the processor
configure:7938: result: yes
configure:7942: checking whether SSSE3 is supported by the processor and OS
configure:7955: result: yes
configure:7960: checking whether C compiler accepts -mssse3
configure:7979: gcc -c -Wall -O3 -DNDEBUG -std=c99 -pedantic   -mssse3  conftest.c >&5
configure:7979: $? = 0
configure:7988: result: yes
configure:7925: checking whether SSE4.1 is supported by the processor
configure:7938: result: yes
configure:7942: checking whether SSE4.1 is supported by the processor and OS
configure:7955: result: yes
configure:7960: checking whether C compiler accepts -msse4.1
configure:7979: gcc -c -Wall -O3 -DNDEBUG -std=c99 -pedantic   -msse4.1  conftest.c >&5
configure:7979: $? = 0
configure:7988: result: yes
configure:7925: checking whether SSE4.2 is supported by the processor
configure:7938: result: yes
configure:7942: checking whether SSE4.2 is supported by the processor and OS
configure:7955: result: yes
configure:7960: checking whether C compiler accepts -msse4.2
configure:7979: gcc -c -Wall -O3 -DNDEBUG -std=c99 -pedantic   -msse4.2  conftest.c >&5
configure:7979: $? = 0
configure:7988: result: yes
configure:7925: checking whether SSE4a is supported by the processor
configure:7938: result: no
configure:7925: checking whether SHA is supported by the processor
configure:7938: result: yes
configure:7942: checking whether SHA is supported by the processor and OS
configure:7955: result: yes
configure:7960: checking whether C compiler accepts -msha
configure:7979: gcc -c -Wall -O3 -DNDEBUG -std=c99 -pedantic   -msha  conftest.c >&5
configure:7979: $? = 0
configure:7988: result: yes
configure:7925: checking whether AES is supported by the processor
configure:7938: result: yes
configure:7942: checking whether AES is supported by the processor and OS
configure:7955: result: yes
configure:7960: checking whether C compiler accepts -maes
configure:7979: gcc -c -Wall -O3 -DNDEBUG -std=c99 -pedantic   -maes  conftest.c >&5
configure:7979: $? = 0
configure:7988: result: yes
configure:7925: checking whether AVX is supported by the processor
configure:7938: result: yes
configure:7942: checking whether AVX is supported by the processor and OS
configure:7955: result: yes
configure:7960: checking whether C compiler accepts -mavx
configure:7979: gcc -c -Wall -O3 -DNDEBUG -std=c99 -pedantic   -mavx  conftest.c >&5
configure:7979: $? = 0
configure:7988: result: yes
configure:7925: checking whether FMA3 is supported by the processor
configure:7938: result: yes
configure:7942: checking whether FMA3 is supported by the processor and OS
configure:7955: result: yes
configure:7960: checking whether C compiler accepts -mfma
configure:7979: gcc -c -Wall -O3 -DNDEBUG -std=c99 -pedantic   -mfma  conftest.c >&5
configure:7979: $? = 0
configure:7988: result: yes
configure:7925: checking whether FMA4 is supported by the processor
configure:7938: result: no
configure:7925: checking whether XOP is supported by the processor
configure:7938: result: no
configure:7925: checking whether AVX2 is supported by the processor
configure:7938: result: yes
configure:7942: checking whether AVX2 is supported by the processor and OS
configure:7955: result: yes
configure:7960: checking whether C compiler accepts -mavx2
configure:7979: gcc -c -Wall -O3 -DNDEBUG -std=c99 -pedantic   -mavx2  conftest.c >&5
configure:7979: $? = 0
configure:7988: result: yes
configure:7925: checking whether AVX512-F is supported by the processor
configure:7938: result: no
configure:7925: checking whether AVX512-CD is supported by the processor
configure:7938: result: no
configure:7925: checking whether AVX512-PF is supported by the processor
configure:7938: result: no
configure:7925: checking whether AVX512-ER is supported by the processor
configure:7938: result: no
configure:7925: checking whether AVX512-VL is supported by the processor
configure:7938: result: no
configure:7925: checking whether AVX512-BW is supported by the processor
configure:7938: result: no
configure:7925: checking whether AVX512-DQ is supported by the processor
configure:7938: result: no
configure:7925: checking whether AVX512-IFMA is supported by the processor
configure:7938: result: no
configure:7925: checking whether AVX512-VBMI is supported by the processor
configure:7938: result: no
configure:8101: checking for floor
configure:8101: gcc -o conftest.exe -Wall -O3 -DNDEBUG -std=c99 -pedantic  -msse -mavx -mfma   conftest.c -lm  >&5
conftest.c:74:6: warning: conflicting types for built-in function 'floor'; expected 'double(double)' [-Wbuiltin-declaration-mismatch]
   74 | char floor ();
      |      ^~~~~
conftest.c:62:1: note: 'floor' is declared in header '<math.h>'
   61 | # include <limits.h>
   62 | #else
configure:8101: $? = 0
configure:8101: result: yes
configure:8101: checking for memset
configure:8101: gcc -o conftest.exe -Wall -O3 -DNDEBUG -std=c99 -pedantic  -msse -mavx -mfma   conftest.c -lm  >&5
conftest.c:75:6: warning: conflicting types for built-in function 'memset'; expected 'void *(void *, int,  long long unsigned int)' [-Wbuiltin-declaration-mismatch]
   75 | char memset ();
      |      ^~~~~~
conftest.c:63:1: note: 'memset' is declared in header '<string.h>'
   62 | # include <limits.h>
   63 | #else
configure:8101: $? = 0
configure:8101: result: yes
configure:8101: checking for pow
configure:8101: gcc -o conftest.exe -Wall -O3 -DNDEBUG -std=c99 -pedantic  -msse -mavx -mfma   conftest.c -lm  >&5
conftest.c:76:6: warning: conflicting types for built-in function 'pow'; expected 'double(double,  double)' [-Wbuiltin-declaration-mismatch]
   76 | char pow ();
      |      ^~~
conftest.c:64:1: note: 'pow' is declared in header '<math.h>'
   63 | # include <limits.h>
   64 | #else
configure:8101: $? = 0
configure:8101: result: yes
configure:8101: checking for sqrt
configure:8101: gcc -o conftest.exe -Wall -O3 -DNDEBUG -std=c99 -pedantic  -msse -mavx -mfma   conftest.c -lm  >&5
conftest.c:77:6: warning: conflicting types for built-in function 'sqrt'; expected 'double(double)' [-Wbuiltin-declaration-mismatch]
   77 | char sqrt ();
      |      ^~~~
conftest.c:65:1: note: 'sqrt' is declared in header '<math.h>'
   64 | # include <limits.h>
   65 | #else
configure:8101: $? = 0
configure:8101: result: yes
configure:8101: checking for strchr
configure:8101: gcc -o conftest.exe -Wall -O3 -DNDEBUG -std=c99 -pedantic  -msse -mavx -mfma   conftest.c -lm  >&5
conftest.c:78:6: warning: conflicting types for built-in function 'strchr'; expected 'char *(const char *, int)' [-Wbuiltin-declaration-mismatch]
   78 | char strchr ();
      |      ^~~~~~
conftest.c:66:1: note: 'strchr' is declared in header '<string.h>'
   65 | # include <limits.h>
   66 | #else
configure:8101: $? = 0
configure:8101: result: yes
configure:8216: checking that generated files are newer than configure
configure:8222: result: done
configure:8261: creating ./config.status

## ---------------------- ##
## Running config.status. ##
## ---------------------- ##

This file was extended by MrBayes config.status 3.2.7a, which was
generated by GNU Autoconf 2.69.  Invocation command line was

  CONFIG_FILES    = 
  CONFIG_HEADERS  = 
  CONFIG_LINKS    = 
  CONFIG_COMMANDS = 
  $ ./config.status 

on LAPTOP-2E0VIMCK

config.status:928: creating Makefile
config.status:928: creating doc/Makefile
config.status:928: creating doc/SMME_paper/Makefile
config.status:928: creating doc/manual/Makefile
config.status:928: creating examples/Makefile
config.status:928: creating src/Makefile
config.status:928: creating testing/Makefile
config.status:928: creating testing/runtests.sh
config.status:928: creating src/config.h
config.status:1109: src/config.h is unchanged
config.status:1157: executing depfiles commands
config.status:1234: cd src       && sed -e '/# am--include-marker/d' Makefile         | make -f - am--depfiles
./config.status: line 1237: make: command not found
config.status:1239: $? = 127
config.status:1243: error: in `/e/codes/mrbayes':
config.status:1245: error: Something went wrong bootstrapping makefile fragments
    for automatic dependency tracking.  If GNU make was not used, consider
    re-running the configure script with MAKE="gmake" (or whatever is
    necessary).  You can also try re-running configure with the
    '--disable-dependency-tracking' option to at least be able to build
    the package (albeit without support for automatic dependency tracking).
See `config.log' for more details

## ---------------- ##
## Cache variables. ##
## ---------------- ##

ac_cv_build=x86_64-pc-mingw64
ac_cv_c_compiler_gnu=yes
ac_cv_cflags_warn_all=-Wall
ac_cv_env_BEAGLE_CFLAGS_set=
ac_cv_env_BEAGLE_CFLAGS_value=
ac_cv_env_BEAGLE_LIBS_set=
ac_cv_env_BEAGLE_LIBS_value=
ac_cv_env_CC_set=
ac_cv_env_CC_value=
ac_cv_env_CFLAGS_set=
ac_cv_env_CFLAGS_value=
ac_cv_env_CPPFLAGS_set=
ac_cv_env_CPPFLAGS_value=
ac_cv_env_CPP_set=
ac_cv_env_CPP_value=
ac_cv_env_LDFLAGS_set=
ac_cv_env_LDFLAGS_value=
ac_cv_env_LIBS_set=
ac_cv_env_LIBS_value=
ac_cv_env_MPICC_set=
ac_cv_env_MPICC_value=
ac_cv_env_PKG_CONFIG_LIBDIR_set=
ac_cv_env_PKG_CONFIG_LIBDIR_value=
ac_cv_env_PKG_CONFIG_PATH_set=set
ac_cv_env_PKG_CONFIG_PATH_value=/mingw64/lib/pkgconfig:/mingw64/share/pkgconfig
ac_cv_env_PKG_CONFIG_set=
ac_cv_env_PKG_CONFIG_value=
ac_cv_env_build_alias_set=
ac_cv_env_build_alias_value=
ac_cv_env_host_alias_set=
ac_cv_env_host_alias_value=
ac_cv_env_target_alias_set=
ac_cv_env_target_alias_value=
ac_cv_exeext=.exe
ac_cv_func_floor=yes
ac_cv_func_memset=yes
ac_cv_func_pow=yes
ac_cv_func_sqrt=yes
ac_cv_func_strchr=yes
ac_cv_header_float_h=yes
ac_cv_header_inttypes_h=yes
ac_cv_header_libhmsbeagle_beagle_h=yes
ac_cv_header_limits_h=yes
ac_cv_header_memory_h=yes
ac_cv_header_stdbool_h=yes
ac_cv_header_stdc=yes
ac_cv_header_stdint_h=yes
ac_cv_header_stdlib_h=yes
ac_cv_header_string_h=yes
ac_cv_header_strings_h=yes
ac_cv_header_sys_stat_h=yes
ac_cv_header_sys_types_h=yes
ac_cv_header_unistd_h=yes
ac_cv_host=x86_64-pc-mingw64
ac_cv_lib_hmsbeagle_beagleCreateInstance=yes
ac_cv_lib_hmsbeagle_beagleSetCPUThreadCount=yes
ac_cv_lib_m_sqrt=yes
ac_cv_objext=o
ac_cv_path_EGREP='/usr/bin/grep -E'
ac_cv_path_GREP=/usr/bin/grep
ac_cv_path_SED=/usr/bin/sed
ac_cv_path_ac_pt_PKG_CONFIG=/d/Strawberry/perl/bin/pkg-config
ac_cv_path_install='/usr/bin/install -c'
ac_cv_path_mkdir=/usr/bin/mkdir
ac_cv_prog_AWK=gawk
ac_cv_prog_CPP='gcc -E'
ac_cv_prog_ac_ct_CC=gcc
ac_cv_prog_cc_c89=
ac_cv_prog_cc_g=yes
ac_cv_prog_make_make_set=no
ac_cv_type__Bool=yes
ac_cv_type_long_long=yes
ac_cv_type_size_t=yes
am_cv_CC_dependencies_compiler_type=none
am_cv_make_support_nested_variables=no
am_cv_prog_cc_c_o=yes
ax_cv_c_compiler_vendor=gnu
ax_cv_c_compiler_version=15.1.0
ax_cv_check_cflags___mabm=yes
ax_cv_check_cflags___madx=yes
ax_cv_check_cflags___maes=yes
ax_cv_check_cflags___mavx2=yes
ax_cv_check_cflags___mavx=yes
ax_cv_check_cflags___mbmi2=yes
ax_cv_check_cflags___mbmi=yes
ax_cv_check_cflags___mfma=yes
ax_cv_check_cflags___mmmx=yes
ax_cv_check_cflags___mrdrnd=yes
ax_cv_check_cflags___msha=yes
ax_cv_check_cflags___msse2=yes
ax_cv_check_cflags___msse3=yes
ax_cv_check_cflags___msse4_1=yes
ax_cv_check_cflags___msse4_2=yes
ax_cv_check_cflags___msse=yes
ax_cv_check_cflags___mssse3=yes
ax_cv_gcc_x86_avx_xgetbv_0x00000000=7:0
ax_cv_gcc_x86_avx_xgetbv_=unknown
ax_cv_gcc_x86_cpuid_0x00000000=20:756e6547:6c65746e:49656e69
ax_cv_gcc_x86_cpuid_0x00000001=b0671:18800800:fffaf38b:bfcbfbff
ax_cv_gcc_x86_cpuid_0x00000007=2:239c27a9:184007a4:bc18c410
ax_cv_gcc_x86_cpuid_0x80000000=80000008:0:0:0
ax_cv_gcc_x86_cpuid_0x80000001=0:0:121:2c100800
ax_cv_gcc_x86_cpuid_=unknown
ax_cv_have_abm_cpu_ext=yes
ax_cv_have_abm_ext=yes
ax_cv_have_adx_cpu_ext=yes
ax_cv_have_adx_ext=yes
ax_cv_have_aes_cpu_ext=yes
ax_cv_have_aes_ext=yes
ax_cv_have_avx2_cpu_ext=yes
ax_cv_have_avx2_ext=yes
ax_cv_have_avx512_os_support_ext=no
ax_cv_have_avx512bw_cpu_ext=no
ax_cv_have_avx512bw_ext=no
ax_cv_have_avx512cd_cpu_ext=no
ax_cv_have_avx512cd_ext=no
ax_cv_have_avx512dq_cpu_ext=no
ax_cv_have_avx512dq_ext=no
ax_cv_have_avx512er_cpu_ext=no
ax_cv_have_avx512er_ext=no
ax_cv_have_avx512f_cpu_ext=no
ax_cv_have_avx512f_ext=no
ax_cv_have_avx512ifma_cpu_ext=no
ax_cv_have_avx512ifma_ext=no
ax_cv_have_avx512pf_cpu_ext=no
ax_cv_have_avx512pf_ext=no
ax_cv_have_avx512vbmi_cpu_ext=no
ax_cv_have_avx512vbmi_ext=no
ax_cv_have_avx512vl_cpu_ext=no
ax_cv_have_avx512vl_ext=no
ax_cv_have_avx_cpu_ext=yes
ax_cv_have_avx_ext=yes
ax_cv_have_avx_os_support_ext=yes
ax_cv_have_bmi1_cpu_ext=yes
ax_cv_have_bmi1_ext=yes
ax_cv_have_bmi2_cpu_ext=yes
ax_cv_have_bmi2_ext=yes
ax_cv_have_fma3_cpu_ext=yes
ax_cv_have_fma3_ext=yes
ax_cv_have_fma4_cpu_ext=no
ax_cv_have_fma4_ext=no
ax_cv_have_mmx_cpu_ext=yes
ax_cv_have_mmx_ext=yes
ax_cv_have_mmx_os_support_ext=yes
ax_cv_have_mpx_cpu_ext=no
ax_cv_have_mpx_ext=no
ax_cv_have_none_os_support_ext=yes
ax_cv_have_prefetchwt1_cpu_ext=no
ax_cv_have_prefetchwt1_ext=no
ax_cv_have_rdrnd_cpu_ext=yes
ax_cv_have_rdrnd_ext=yes
ax_cv_have_sha_cpu_ext=yes
ax_cv_have_sha_ext=yes
ax_cv_have_sse2_cpu_ext=yes
ax_cv_have_sse2_ext=yes
ax_cv_have_sse3_cpu_ext=yes
ax_cv_have_sse3_ext=yes
ax_cv_have_sse41_cpu_ext=yes
ax_cv_have_sse41_ext=yes
ax_cv_have_sse42_cpu_ext=yes
ax_cv_have_sse42_ext=yes
ax_cv_have_sse4a_cpu_ext=no
ax_cv_have_sse4a_ext=no
ax_cv_have_sse_cpu_ext=yes
ax_cv_have_sse_ext=yes
ax_cv_have_sse_os_support_ext=yes
ax_cv_have_ssse3_cpu_ext=yes
ax_cv_have_ssse3_ext=yes
ax_cv_have_xop_cpu_ext=no
ax_cv_have_xop_ext=no
ax_cv_lib_readline=no
ax_cv_support_abm_ext=yes
ax_cv_support_adx_ext=yes
ax_cv_support_aes_ext=yes
ax_cv_support_avx2_ext=yes
ax_cv_support_avx512bw_ext=no
ax_cv_support_avx512cd_ext=no
ax_cv_support_avx512dq_ext=no
ax_cv_support_avx512er_ext=no
ax_cv_support_avx512f_ext=no
ax_cv_support_avx512ifma_ext=no
ax_cv_support_avx512pf_ext=no
ax_cv_support_avx512vbmi_ext=no
ax_cv_support_avx512vl_ext=no
ax_cv_support_avx_ext=yes
ax_cv_support_bmi1_ext=yes
ax_cv_support_bmi2_ext=yes
ax_cv_support_fma3_ext=yes
ax_cv_support_fma4_ext=no
ax_cv_support_mmx_ext=yes
ax_cv_support_mpx_ext=no
ax_cv_support_prefetchwt1_ext=no
ax_cv_support_rdrnd_ext=yes
ax_cv_support_sha_ext=yes
ax_cv_support_sse2_ext=yes
ax_cv_support_sse3_ext=yes
ax_cv_support_sse41_ext=yes
ax_cv_support_sse42_ext=yes
ax_cv_support_sse4a_ext=no
ax_cv_support_sse_ext=yes
ax_cv_support_ssse3_ext=yes
ax_cv_support_xop_ext=no

## ----------------- ##
## Output variables. ##
## ----------------- ##

ACLOCAL='${SHELL} '\''/e/codes/mrbayes/autotools/missing'\'' aclocal-1.16'
AMDEPBACKSLASH='\'
AMDEP_FALSE='#'
AMDEP_TRUE=''
AMTAR='$${TAR-tar}'
AM_BACKSLASH='\'
AM_DEFAULT_V='1'
AM_DEFAULT_VERBOSITY='1'
AM_V='1'
AUTOCONF='${SHELL} '\''/e/codes/mrbayes/autotools/missing'\'' autoconf'
AUTOHEADER='${SHELL} '\''/e/codes/mrbayes/autotools/missing'\'' autoheader'
AUTOMAKE='${SHELL} '\''/e/codes/mrbayes/autotools/missing'\'' automake-1.16'
AWK='gawk'
BEAGLE_CFLAGS='-I/e/Codes/beagle-lib/build_win/libhmsbeagle/include/libhmsbeagle-1 -pthread'
BEAGLE_LIBS='-L/e/Codes/beagle-lib/build_win/libhmsbeagle/lib -Wl,-rpath,/e/Codes/beagle-lib/build_win/libhmsbeagle/lib -lhmsbeagle'
BIBTEX=''
BUILD_DOC_FALSE='#'
BUILD_DOC_TRUE=''
CC='gcc'
CCDEPMODE='depmode=none'
CFLAGS='-Wall -O3 -DNDEBUG -std=c99 -pedantic  -msse -mavx -mfma'
CPP='gcc -E'
CPPFLAGS=''
CPUEXT_FLAGS=' -mrdrnd -mbmi -mbmi2 -madx -mabm'
CSCOPE='cscope'
CTAGS='ctags'
CYGPATH_W='cygpath -w'
DEFS='-DHAVE_CONFIG_H'
DEPDIR='.deps'
ECHO_C=''
ECHO_N='-n'
ECHO_T=''
EGREP='/usr/bin/grep -E'
ETAGS='etags'
EXEEXT='.exe'
GREP='/usr/bin/grep'
HAVE_LATEXMK_FALSE=''
HAVE_LATEXMK_TRUE='#'
HAVE_LATEX_FALSE=''
HAVE_LATEX_TRUE='#'
INSTALL_DATA='${INSTALL} -m 644'
INSTALL_PROGRAM='${INSTALL}'
INSTALL_SCRIPT='${INSTALL}'
INSTALL_STRIP_PROGRAM='$(install_sh) -c -s'
LATEXMK=''
LDFLAGS=''
LIBOBJS=''
LIBS='-lm '
LTLIBOBJS=''
MAINT='#'
MAINTAINER_MODE_FALSE=''
MAINTAINER_MODE_TRUE='#'
MAKEINFO='${SHELL} '\''/e/codes/mrbayes/autotools/missing'\'' makeinfo'
MKDIR_P='/usr/bin/mkdir -p'
MPICC=''
OBJEXT='o'
PACKAGE='mrbayes'
PACKAGE_BUGREPORT=''
PACKAGE_NAME='MrBayes'
PACKAGE_STRING='MrBayes 3.2.7a'
PACKAGE_TARNAME='mrbayes'
PACKAGE_URL=''
PACKAGE_VERSION='3.2.7a'
PATH_SEPARATOR=':'
PDFLATEX=''
PKG_CONFIG=''
PKG_CONFIG_LIBDIR=''
PKG_CONFIG_PATH='/mingw64/lib/pkgconfig:/mingw64/share/pkgconfig'
SED='/usr/bin/sed'
SET_MAKE='MAKE=make'
SHELL='/bin/sh'
SIMD_FLAGS=' -mmmx -msse -msse2 -msse3 -mssse3 -msse4.1 -msse4.2 -msha -maes -mavx -mfma -mavx2'
STRIP=''
TESTS_USE_MPI='no'
VERSION='3.2.7a'
ac_ct_CC='gcc'
am__EXEEXT_FALSE='#'
am__EXEEXT_TRUE=''
am__fastdepCC_FALSE=''
am__fastdepCC_TRUE='#'
am__include='#'
am__isrc=''
am__leading_dot='.'
am__nodep='_no'
am__quote=''
am__tar='$${TAR-tar} chof - "$$tardir"'
am__untar='$${TAR-tar} xf -'
bindir='${exec_prefix}/bin'
build='x86_64-pc-mingw64'
build_alias=''
build_cpu='x86_64'
build_os='mingw64'
build_vendor='pc'
datadir='${datarootdir}'
datarootdir='${prefix}/share'
docdir='${datarootdir}/doc/${PACKAGE_TARNAME}'
dvidir='${docdir}'
exec_prefix='${prefix}'
host='x86_64-pc-mingw64'
host_alias=''
host_cpu='x86_64'
host_os='mingw64'
host_vendor='pc'
htmldir='${docdir}'
includedir='${prefix}/include'
infodir='${datarootdir}/info'
install_sh='${SHELL} /e/codes/mrbayes/autotools/install-sh'
libdir='${exec_prefix}/lib'
libexecdir='${exec_prefix}/libexec'
localedir='${datarootdir}/locale'
localstatedir='${prefix}/var'
mandir='${datarootdir}/man'
mkdir_p='$(MKDIR_P)'
oldincludedir='/usr/include'
pdfdir='${docdir}'
prefix='/usr/local'
program_transform_name='s,x,x,'
psdir='${docdir}'
runstatedir='${localstatedir}/run'
sbindir='${exec_prefix}/sbin'
sharedstatedir='${prefix}/com'
sysconfdir='${prefix}/etc'
target_alias=''

## ----------- ##
## confdefs.h. ##
## ----------- ##

/* confdefs.h */
#define PACKAGE_NAME "MrBayes"
#define PACKAGE_TARNAME "mrbayes"
#define PACKAGE_VERSION "3.2.7a"
#define PACKAGE_STRING "MrBayes 3.2.7a"
#define PACKAGE_BUGREPORT ""
#define PACKAGE_URL ""
#define PACKAGE "mrbayes"
#define VERSION "3.2.7a"
#define HOST_TYPE "x86_64-pc-mingw64"
#define HOST_CPU "x86_64"
#define HAVE_LIBM 1
#define STDC_HEADERS 1
#define HAVE_SYS_TYPES_H 1
#define HAVE_SYS_STAT_H 1
#define HAVE_STDLIB_H 1
#define HAVE_STRING_H 1
#define HAVE_MEMORY_H 1
#define HAVE_STRINGS_H 1
#define HAVE_INTTYPES_H 1
#define HAVE_STDINT_H 1
#define HAVE_UNISTD_H 1
#define BEAGLE_ENABLED 1
#define BEAGLE_V3_ENABLED 1
#define HAVE_FLOAT_H 1
#define HAVE_LIMITS_H 1
#define HAVE_MEMORY_H 1
#define HAVE_STDLIB_H 1
#define HAVE_STRING_H 1
#define HAVE__BOOL 1
#define COMPILER_VENDOR "gnu"
#define COMPILER_VERSION "15.1.0"
#define HAVE_RDRND 1
#define HAVE_BMI1 1
#define HAVE_BMI2 1
#define HAVE_ADX 1
#define HAVE_ABM 1
#define HAVE_MMX 1
#define HAVE_SSE 1
#define HAVE_SSE2 1
#define HAVE_SSE3 1
#define HAVE_SSSE3 1
#define HAVE_SSE4_1 1
#define HAVE_SSE4_2 1
#define HAVE_SHA 1
#define HAVE_AES 1
#define HAVE_AVX 1
#define HAVE_FMA3 1
#define HAVE_AVX2 1
#define HAVE_FLOOR 1
#define HAVE_MEMSET 1
#define HAVE_POW 1
#define HAVE_SQRT 1
#define HAVE_STRCHR 1

configure: exit 1
